{"/home/travis/build/npmtest/node-npmtest-istanbul/test.js":{"path":"/home/travis/build/npmtest/node-npmtest-istanbul/test.js","s":{"1":2,"2":2,"3":2,"4":2,"5":2,"6":2,"7":2,"8":1,"9":2,"10":2,"11":1,"12":1,"13":1,"14":1,"15":2,"16":2,"17":2,"18":2,"19":1,"20":1,"21":2,"22":2,"23":2,"24":1,"25":1,"26":1,"27":1,"28":1,"29":1,"30":1,"31":1,"32":1,"33":1,"34":1,"35":1,"36":1,"37":1,"38":1,"39":2,"40":2,"41":1,"42":2,"43":2,"44":1,"45":2,"46":2,"47":1,"48":2,"49":2,"50":1,"51":1,"52":1,"53":1,"54":1},"b":{"1":[2,1,1,1],"2":[1,1,1,1],"3":[1,1],"4":[1,1],"5":[1,1],"6":[1,1],"7":[1,1],"8":[1,1],"9":[1,1],"10":[1,1,1],"11":[1,1],"12":[1,1],"13":[1,1],"14":[1,1],"15":[1,1],"16":[1,1],"17":[1,1]},"f":{"1":2,"2":2,"3":2,"4":2,"5":2,"6":1,"7":1,"8":1,"9":2,"10":2,"11":2,"12":2,"13":1},"fnMap":{"1":{"name":"(anonymous_1)","line":12,"loc":{"start":{"line":12,"column":1},"end":{"line":12,"column":13}}},"2":{"name":"(anonymous_2)","line":19,"loc":{"start":{"line":19,"column":5},"end":{"line":19,"column":17}}},"3":{"name":"(anonymous_3)","line":23,"loc":{"start":{"line":23,"column":24},"end":{"line":23,"column":36}}},"4":{"name":"(anonymous_4)","line":61,"loc":{"start":{"line":61,"column":5},"end":{"line":61,"column":17}}},"5":{"name":"(anonymous_5)","line":82,"loc":{"start":{"line":82,"column":5},"end":{"line":82,"column":17}}},"6":{"name":"(anonymous_6)","line":91,"loc":{"start":{"line":91,"column":77},"end":{"line":94,"column":10}}},"7":{"name":"(anonymous_7)","line":112,"loc":{"start":{"line":112,"column":83},"end":{"line":115,"column":10}},"skip":true},"8":{"name":"(anonymous_8)","line":123,"loc":{"start":{"line":123,"column":77},"end":{"line":126,"column":10}},"skip":true},"9":{"name":"(anonymous_9)","line":139,"loc":{"start":{"line":139,"column":12},"end":{"line":139,"column":40}},"skip":true},"10":{"name":"(anonymous_10)","line":147,"loc":{"start":{"line":147,"column":77},"end":{"line":150,"column":10}},"skip":true},"11":{"name":"(anonymous_11)","line":158,"loc":{"start":{"line":158,"column":83},"end":{"line":161,"column":10}},"skip":true},"12":{"name":"(anonymous_12)","line":169,"loc":{"start":{"line":169,"column":79},"end":{"line":172,"column":10}},"skip":true},"13":{"name":"(anonymous_13)","line":180,"loc":{"start":{"line":180,"column":75},"end":{"line":183,"column":10}},"skip":true}},"statementMap":{"1":{"start":{"line":12,"column":0},"end":{"line":195,"column":5}},"2":{"start":{"line":14,"column":4},"end":{"line":14,"column":14}},"3":{"start":{"line":19,"column":4},"end":{"line":56,"column":9}},"4":{"start":{"line":21,"column":8},"end":{"line":21,"column":19}},"5":{"start":{"line":23,"column":8},"end":{"line":35,"column":13}},"6":{"start":{"line":24,"column":12},"end":{"line":34,"column":13}},"7":{"start":{"line":25,"column":16},"end":{"line":28,"column":30}},"8":{"start":{"line":30,"column":16},"end":{"line":33,"column":27}},"9":{"start":{"line":37,"column":8},"end":{"line":39,"column":21}},"10":{"start":{"line":40,"column":8},"end":{"line":53,"column":9}},"11":{"start":{"line":43,"column":12},"end":{"line":46,"column":14}},"12":{"start":{"line":47,"column":12},"end":{"line":47,"column":18}},"13":{"start":{"line":50,"column":12},"end":{"line":51,"column":46}},"14":{"start":{"line":52,"column":12},"end":{"line":52,"column":18}},"15":{"start":{"line":55,"column":8},"end":{"line":55,"column":35}},"16":{"start":{"line":61,"column":4},"end":{"line":63,"column":9}},"17":{"start":{"line":62,"column":8},"end":{"line":62,"column":15}},"18":{"start":{"line":64,"column":4},"end":{"line":77,"column":5}},"19":{"start":{"line":70,"column":8},"end":{"line":70,"column":14}},"20":{"start":{"line":76,"column":8},"end":{"line":76,"column":14}},"21":{"start":{"line":82,"column":4},"end":{"line":84,"column":9}},"22":{"start":{"line":83,"column":8},"end":{"line":83,"column":15}},"23":{"start":{"line":85,"column":4},"end":{"line":194,"column":5}},"24":{"start":{"line":91,"column":8},"end":{"line":99,"column":10}},"25":{"start":{"line":98,"column":12},"end":{"line":98,"column":35}},"26":{"start":{"line":102,"column":8},"end":{"line":104,"column":63}},"27":{"start":{"line":105,"column":8},"end":{"line":105,"column":14}},"28":{"start":{"line":112,"column":8},"end":{"line":121,"column":10},"skip":true},"29":{"start":{"line":119,"column":12},"end":{"line":119,"column":55},"skip":true},"30":{"start":{"line":120,"column":12},"end":{"line":120,"column":48},"skip":true},"31":{"start":{"line":123,"column":8},"end":{"line":136,"column":10},"skip":true},"32":{"start":{"line":130,"column":12},"end":{"line":130,"column":76},"skip":true},"33":{"start":{"line":131,"column":12},"end":{"line":131,"column":73},"skip":true},"34":{"start":{"line":132,"column":12},"end":{"line":132,"column":74},"skip":true},"35":{"start":{"line":133,"column":12},"end":{"line":133,"column":79},"skip":true},"36":{"start":{"line":134,"column":12},"end":{"line":134,"column":25},"skip":true},"37":{"start":{"line":135,"column":12},"end":{"line":135,"column":45},"skip":true},"38":{"start":{"line":138,"column":8},"end":{"line":145,"column":14},"skip":true},"39":{"start":{"line":143,"column":16},"end":{"line":143,"column":29},"skip":true},"40":{"start":{"line":144,"column":16},"end":{"line":144,"column":55},"skip":true},"41":{"start":{"line":147,"column":8},"end":{"line":156,"column":10},"skip":true},"42":{"start":{"line":154,"column":12},"end":{"line":154,"column":25},"skip":true},"43":{"start":{"line":155,"column":12},"end":{"line":155,"column":45},"skip":true},"44":{"start":{"line":158,"column":8},"end":{"line":167,"column":10},"skip":true},"45":{"start":{"line":165,"column":12},"end":{"line":165,"column":25},"skip":true},"46":{"start":{"line":166,"column":12},"end":{"line":166,"column":48},"skip":true},"47":{"start":{"line":169,"column":8},"end":{"line":178,"column":10},"skip":true},"48":{"start":{"line":176,"column":12},"end":{"line":176,"column":25},"skip":true},"49":{"start":{"line":177,"column":12},"end":{"line":177,"column":46},"skip":true},"50":{"start":{"line":180,"column":8},"end":{"line":189,"column":10},"skip":true},"51":{"start":{"line":187,"column":12},"end":{"line":187,"column":94},"skip":true},"52":{"start":{"line":188,"column":12},"end":{"line":188,"column":48},"skip":true},"53":{"start":{"line":192,"column":8},"end":{"line":192,"column":35},"skip":true},"54":{"start":{"line":193,"column":8},"end":{"line":193,"column":14},"skip":true}},"branchMap":{"1":{"line":25,"type":"binary-expr","locations":[{"start":{"line":25,"column":23},"end":{"line":25,"column":62}},{"start":{"line":26,"column":20},"end":{"line":26,"column":70}},{"start":{"line":27,"column":20},"end":{"line":27,"column":71}},{"start":{"line":28,"column":20},"end":{"line":28,"column":29}}]},"2":{"line":30,"type":"binary-expr","locations":[{"start":{"line":30,"column":23},"end":{"line":30,"column":37}},{"start":{"line":31,"column":20},"end":{"line":31,"column":61}},{"start":{"line":32,"column":20},"end":{"line":32,"column":70}},{"start":{"line":33,"column":20},"end":{"line":33,"column":26}}]},"3":{"line":37,"type":"cond-expr","locations":[{"start":{"line":38,"column":14},"end":{"line":38,"column":20}},{"start":{"line":39,"column":14},"end":{"line":39,"column":20}}]},"4":{"line":40,"type":"switch","locations":[{"start":{"line":42,"column":8},"end":{"line":47,"column":18}},{"start":{"line":49,"column":8},"end":{"line":52,"column":18}}]},"5":{"line":44,"type":"binary-expr","locations":[{"start":{"line":44,"column":16},"end":{"line":44,"column":44}},{"start":{"line":44,"column":48},"end":{"line":44,"column":66}}]},"6":{"line":50,"type":"binary-expr","locations":[{"start":{"line":50,"column":21},"end":{"line":50,"column":49}},{"start":{"line":50,"column":53},"end":{"line":50,"column":72}}]},"7":{"line":64,"type":"switch","locations":[{"start":{"line":69,"column":4},"end":{"line":70,"column":14}},{"start":{"line":75,"column":4},"end":{"line":76,"column":14}}]},"8":{"line":85,"type":"switch","locations":[{"start":{"line":90,"column":4},"end":{"line":105,"column":14}},{"start":{"line":111,"column":4},"end":{"line":193,"column":14},"skip":true}]},"9":{"line":91,"type":"binary-expr","locations":[{"start":{"line":91,"column":42},"end":{"line":91,"column":73}},{"start":{"line":91,"column":77},"end":{"line":99,"column":9}}]},"10":{"line":102,"type":"binary-expr","locations":[{"start":{"line":102,"column":18},"end":{"line":102,"column":32}},{"start":{"line":103,"column":12},"end":{"line":103,"column":53}},{"start":{"line":104,"column":12},"end":{"line":104,"column":61}}]},"11":{"line":112,"type":"binary-expr","locations":[{"start":{"line":112,"column":45},"end":{"line":112,"column":79},"skip":true},{"start":{"line":112,"column":83},"end":{"line":121,"column":9},"skip":true}]},"12":{"line":123,"type":"binary-expr","locations":[{"start":{"line":123,"column":42},"end":{"line":123,"column":73},"skip":true},{"start":{"line":123,"column":77},"end":{"line":136,"column":9},"skip":true}]},"13":{"line":138,"type":"binary-expr","locations":[{"start":{"line":138,"column":48},"end":{"line":138,"column":85},"skip":true},{"start":{"line":139,"column":12},"end":{"line":145,"column":13},"skip":true}]},"14":{"line":147,"type":"binary-expr","locations":[{"start":{"line":147,"column":42},"end":{"line":147,"column":73},"skip":true},{"start":{"line":147,"column":77},"end":{"line":156,"column":9},"skip":true}]},"15":{"line":158,"type":"binary-expr","locations":[{"start":{"line":158,"column":45},"end":{"line":158,"column":79},"skip":true},{"start":{"line":158,"column":83},"end":{"line":167,"column":9},"skip":true}]},"16":{"line":169,"type":"binary-expr","locations":[{"start":{"line":169,"column":43},"end":{"line":169,"column":75},"skip":true},{"start":{"line":169,"column":79},"end":{"line":178,"column":9},"skip":true}]},"17":{"line":180,"type":"binary-expr","locations":[{"start":{"line":180,"column":41},"end":{"line":180,"column":71},"skip":true},{"start":{"line":180,"column":75},"end":{"line":189,"column":9},"skip":true}]}},"code":["/* istanbul instrument in package npmtest_istanbul */","/*jslint","    bitwise: true,","    browser: true,","    maxerr: 8,","    maxlen: 96,","    node: true,","    nomen: true,","    regexp: true,","    stupid: true","*/","(function () {","    'use strict';","    var local;","","","","    // run shared js-env code - pre-init","    (function () {","        // init local","        local = {};","        // init modeJs","        local.modeJs = (function () {","            try {","                return typeof navigator.userAgent === 'string' &&","                    typeof document.querySelector('body') === 'object' &&","                    typeof XMLHttpRequest.prototype.open === 'function' &&","                    'browser';","            } catch (errorCaughtBrowser) {","                return module.exports &&","                    typeof process.versions.node === 'string' &&","                    typeof require('http').createServer === 'function' &&","                    'node';","            }","        }());","        // init global","        local.global = local.modeJs === 'browser'","            ? window","            : global;","        switch (local.modeJs) {","        // re-init local from window.local","        case 'browser':","            local = local.global.utility2.objectSetDefault(","                local.global.utility2_rollup || local.global.local,","                local.global.utility2","            );","            break;","        // re-init local from example.js","        case 'node':","            local = (local.global.utility2_rollup || require('utility2'))","                .requireExampleJsFromReadme();","            break;","        }","        // export local","        local.global.local = local;","    }());","","","","    // run shared js-env code - function","    (function () {","        return;","    }());","    switch (local.modeJs) {","","","","    // run browser js-env code - function","    case 'browser':","        break;","","","","    // run node js-env code - function","    case 'node':","        break;","    }","","","","    // run shared js-env code - post-init","    (function () {","        return;","    }());","    switch (local.modeJs) {","","","","    // run browser js-env code - post-init","    case 'browser':","        local.testCase_browser_nullCase = local.testCase_browser_nullCase || function (","            options,","            onError","        ) {","        /*","         * this function will test browsers's null-case handling-behavior-behavior","         */","            onError(null, options);","        };","","        // run tests","        local.nop(local.modeTest &&","            document.querySelector('#testRunButton1') &&","            document.querySelector('#testRunButton1').click());","        break;","","","","    // run node js-env code - post-init","    /* istanbul ignore next */","    case 'node':","        local.testCase_buildApidoc_default = local.testCase_buildApidoc_default || function (","            options,","            onError","        ) {","        /*","         * this function will test buildApidoc's default handling-behavior-behavior","         */","            options = { modulePathList: module.paths };","            local.buildApidoc(options, onError);","        };","","        local.testCase_buildApp_default = local.testCase_buildApp_default || function (","            options,","            onError","        ) {","        /*","         * this function will test buildApp's default handling-behavior-behavior","         */","            local.testCase_buildReadme_default(options, local.onErrorThrow);","            local.testCase_buildLib_default(options, local.onErrorThrow);","            local.testCase_buildTest_default(options, local.onErrorThrow);","            local.testCase_buildCustomOrg_default(options, local.onErrorThrow);","            options = [];","            local.buildApp(options, onError);","        };","","        local.testCase_buildCustomOrg_default = local.testCase_buildCustomOrg_default ||","            function (options, onError) {","            /*","             * this function will test buildCustomOrg's default handling-behavior","             */","                options = {};","                local.buildCustomOrg(options, onError);","            };","","        local.testCase_buildLib_default = local.testCase_buildLib_default || function (","            options,","            onError","        ) {","        /*","         * this function will test buildLib's default handling-behavior","         */","            options = {};","            local.buildLib(options, onError);","        };","","        local.testCase_buildReadme_default = local.testCase_buildReadme_default || function (","            options,","            onError","        ) {","        /*","         * this function will test buildReadme's default handling-behavior-behavior","         */","            options = {};","            local.buildReadme(options, onError);","        };","","        local.testCase_buildTest_default = local.testCase_buildTest_default || function (","            options,","            onError","        ) {","        /*","         * this function will test buildTest's default handling-behavior","         */","            options = {};","            local.buildTest(options, onError);","        };","","        local.testCase_webpage_default = local.testCase_webpage_default || function (","            options,","            onError","        ) {","        /*","         * this function will test webpage's default handling-behavior","         */","            options = { modeCoverageMerge: true, url: local.serverLocalHost + '?modeTest=1' };","            local.browserTest(options, onError);","        };","","        // run test-server","        local.testRunServer(local);","        break;","    }","}());",""],"l":{"12":2,"14":2,"19":2,"21":2,"23":2,"24":2,"25":2,"30":1,"37":2,"40":2,"43":1,"47":1,"50":1,"52":1,"55":2,"61":2,"62":2,"64":2,"70":1,"76":1,"82":2,"83":2,"85":2,"91":1,"98":1,"102":1,"105":1,"112":1,"119":1,"120":1,"123":1,"130":1,"131":1,"132":1,"133":1,"134":1,"135":1,"138":1,"143":2,"144":2,"147":1,"154":2,"155":2,"158":1,"165":2,"166":2,"169":1,"176":2,"177":2,"180":1,"187":1,"188":1,"192":1,"193":1}},"/home/travis/build/npmtest/node-npmtest-istanbul/lib.npmtest_istanbul.js":{"path":"/home/travis/build/npmtest/node-npmtest-istanbul/lib.npmtest_istanbul.js","s":{"1":2,"2":2,"3":2,"4":2,"5":2,"6":2,"7":2,"8":1,"9":2,"10":2,"11":2,"12":2,"13":1,"14":1,"15":1,"16":1},"b":{"1":[2,1,1,1],"2":[1,1,1,1],"3":[1,1],"4":[2,2],"5":[1,1]},"f":{"1":2,"2":2,"3":2},"fnMap":{"1":{"name":"(anonymous_1)","line":12,"loc":{"start":{"line":12,"column":1},"end":{"line":12,"column":13}}},"2":{"name":"(anonymous_2)","line":19,"loc":{"start":{"line":19,"column":5},"end":{"line":19,"column":17}}},"3":{"name":"(anonymous_3)","line":23,"loc":{"start":{"line":23,"column":24},"end":{"line":23,"column":36}}}},"statementMap":{"1":{"start":{"line":12,"column":0},"end":{"line":53,"column":5}},"2":{"start":{"line":14,"column":4},"end":{"line":14,"column":14}},"3":{"start":{"line":19,"column":4},"end":{"line":52,"column":9}},"4":{"start":{"line":21,"column":8},"end":{"line":21,"column":19}},"5":{"start":{"line":23,"column":8},"end":{"line":35,"column":13}},"6":{"start":{"line":24,"column":12},"end":{"line":34,"column":13}},"7":{"start":{"line":25,"column":16},"end":{"line":28,"column":30}},"8":{"start":{"line":30,"column":16},"end":{"line":33,"column":27}},"9":{"start":{"line":37,"column":8},"end":{"line":39,"column":21}},"10":{"start":{"line":41,"column":8},"end":{"line":41,"column":54}},"11":{"start":{"line":43,"column":8},"end":{"line":43,"column":53}},"12":{"start":{"line":45,"column":8},"end":{"line":51,"column":9}},"13":{"start":{"line":46,"column":12},"end":{"line":46,"column":59}},"14":{"start":{"line":48,"column":12},"end":{"line":48,"column":35}},"15":{"start":{"line":49,"column":12},"end":{"line":49,"column":49}},"16":{"start":{"line":50,"column":12},"end":{"line":50,"column":43}}},"branchMap":{"1":{"line":25,"type":"binary-expr","locations":[{"start":{"line":25,"column":23},"end":{"line":25,"column":62}},{"start":{"line":26,"column":20},"end":{"line":26,"column":70}},{"start":{"line":27,"column":20},"end":{"line":27,"column":71}},{"start":{"line":28,"column":20},"end":{"line":28,"column":29}}]},"2":{"line":30,"type":"binary-expr","locations":[{"start":{"line":30,"column":23},"end":{"line":30,"column":37}},{"start":{"line":31,"column":20},"end":{"line":31,"column":61}},{"start":{"line":32,"column":20},"end":{"line":32,"column":70}},{"start":{"line":33,"column":20},"end":{"line":33,"column":26}}]},"3":{"line":37,"type":"cond-expr","locations":[{"start":{"line":38,"column":14},"end":{"line":38,"column":20}},{"start":{"line":39,"column":14},"end":{"line":39,"column":20}}]},"4":{"line":41,"type":"binary-expr","locations":[{"start":{"line":41,"column":16},"end":{"line":41,"column":44}},{"start":{"line":41,"column":48},"end":{"line":41,"column":53}}]},"5":{"line":45,"type":"if","locations":[{"start":{"line":45,"column":8},"end":{"line":45,"column":8}},{"start":{"line":45,"column":8},"end":{"line":45,"column":8}}]}},"code":["/* istanbul instrument in package npmtest_istanbul */","/*jslint","    bitwise: true,","    browser: true,","    maxerr: 8,","    maxlen: 96,","    node: true,","    nomen: true,","    regexp: true,","    stupid: true","*/","(function () {","    'use strict';","    var local;","","","","    // run shared js-env code - pre-init","    (function () {","        // init local","        local = {};","        // init modeJs","        local.modeJs = (function () {","            try {","                return typeof navigator.userAgent === 'string' &&","                    typeof document.querySelector('body') === 'object' &&","                    typeof XMLHttpRequest.prototype.open === 'function' &&","                    'browser';","            } catch (errorCaughtBrowser) {","                return module.exports &&","                    typeof process.versions.node === 'string' &&","                    typeof require('http').createServer === 'function' &&","                    'node';","            }","        }());","        // init global","        local.global = local.modeJs === 'browser'","            ? window","            : global;","        // init utility2_rollup","        local = local.global.utility2_rollup || local;","        // init lib","        local.local = local.npmtest_istanbul = local;","        // init exports","        if (local.modeJs === 'browser') {","            local.global.utility2_npmtest_istanbul = local;","        } else {","            module.exports = local;","            module.exports.__dirname = __dirname;","            module.exports.module = module;","        }","    }());","}());",""],"l":{"12":2,"14":2,"19":2,"21":2,"23":2,"24":2,"25":2,"30":1,"37":2,"41":2,"43":2,"45":2,"46":1,"48":1,"49":1,"50":1}},"/home/travis/build/npmtest/node-npmtest-istanbul/example.js":{"path":"/home/travis/build/npmtest/node-npmtest-istanbul/example.js","s":{"1":2,"2":2,"3":2,"4":2,"5":2,"6":2,"7":2,"8":1,"9":2,"10":2,"11":2,"12":2,"13":1,"14":2,"15":2,"16":2,"17":2,"18":2,"19":0,"20":2,"21":1,"22":1,"23":1,"24":1,"25":1,"26":0,"27":0,"28":1,"29":1,"30":2,"31":0,"32":0,"33":0,"34":1,"35":2,"36":2,"37":3,"38":3,"39":3,"40":3,"41":0,"42":3,"43":3,"44":3,"45":1,"46":3,"47":1,"48":1,"49":1,"50":1,"51":1,"52":1,"53":1,"54":1,"55":1,"56":1,"57":0,"58":1,"59":6,"60":6,"61":1,"62":2,"63":0,"64":2,"65":1,"66":1,"67":0,"68":0,"69":0,"70":0,"71":0,"72":0,"73":0,"74":0,"75":0,"76":0,"77":0,"78":0,"79":0,"80":0,"81":0,"82":0,"83":0},"b":{"1":[2,1,1,1],"2":[1,1,1,1],"3":[1,1],"4":[2,2],"5":[1,1],"6":[1,1],"7":[2,0],"8":[2,1,1,1,1,1],"9":[0,2,0],"10":[1,1],"11":[2,1,1],"12":[1,0],"13":[0,2],"14":[2,0,0,0,0,0,0],"15":[0,3],"16":[3,0],"17":[1,1],"18":[0,1],"19":[1,2,0,2],"20":[1,0],"21":[1,1],"22":[0,0],"23":[0,0],"24":[0,0],"25":[0,0],"26":[0,0],"27":[0,0],"28":[0,0]},"f":{"1":2,"2":2,"3":2,"4":2,"5":2,"6":2,"7":3,"8":3,"9":3,"10":1,"11":6,"12":0},"fnMap":{"1":{"name":"(anonymous_1)","line":26,"loc":{"start":{"line":26,"column":1},"end":{"line":26,"column":13}}},"2":{"name":"(anonymous_2)","line":33,"loc":{"start":{"line":33,"column":5},"end":{"line":33,"column":17}}},"3":{"name":"(anonymous_3)","line":37,"loc":{"start":{"line":37,"column":24},"end":{"line":37,"column":36}}},"4":{"name":"(anonymous_4)","line":69,"loc":{"start":{"line":69,"column":31},"end":{"line":69,"column":48}},"skip":true},"5":{"name":"(anonymous_5)","line":78,"loc":{"start":{"line":78,"column":26},"end":{"line":78,"column":45}},"skip":true},"6":{"name":"(anonymous_6)","line":123,"loc":{"start":{"line":123,"column":33},"end":{"line":123,"column":48}},"skip":true},"7":{"name":"(anonymous_7)","line":125,"loc":{"start":{"line":125,"column":27},"end":{"line":125,"column":39}},"skip":true},"8":{"name":"(anonymous_8)","line":133,"loc":{"start":{"line":133,"column":59},"end":{"line":133,"column":74}},"skip":true},"9":{"name":"(anonymous_9)","line":143,"loc":{"start":{"line":143,"column":45},"end":{"line":143,"column":62}},"skip":true},"10":{"name":"(anonymous_10)","line":144,"loc":{"start":{"line":144,"column":73},"end":{"line":144,"column":92}},"skip":true},"11":{"name":"(anonymous_11)","line":272,"loc":{"start":{"line":272,"column":51},"end":{"line":272,"column":77}},"skip":true},"12":{"name":"(anonymous_12)","line":315,"loc":{"start":{"line":315,"column":32},"end":{"line":315,"column":61}},"skip":true}},"statementMap":{"1":{"start":{"line":26,"column":0},"end":{"line":326,"column":5}},"2":{"start":{"line":28,"column":4},"end":{"line":28,"column":14}},"3":{"start":{"line":33,"column":4},"end":{"line":60,"column":9}},"4":{"start":{"line":35,"column":8},"end":{"line":35,"column":19}},"5":{"start":{"line":37,"column":8},"end":{"line":49,"column":13}},"6":{"start":{"line":38,"column":12},"end":{"line":48,"column":13}},"7":{"start":{"line":39,"column":16},"end":{"line":42,"column":30}},"8":{"start":{"line":44,"column":16},"end":{"line":47,"column":27}},"9":{"start":{"line":51,"column":8},"end":{"line":53,"column":21}},"10":{"start":{"line":55,"column":8},"end":{"line":57,"column":45}},"11":{"start":{"line":59,"column":8},"end":{"line":59,"column":35}},"12":{"start":{"line":61,"column":4},"end":{"line":325,"column":5}},"13":{"start":{"line":69,"column":8},"end":{"line":121,"column":10},"skip":true},"14":{"start":{"line":70,"column":12},"end":{"line":88,"column":13},"skip":true},"15":{"start":{"line":76,"column":16},"end":{"line":87,"column":19},"skip":true},"16":{"start":{"line":79,"column":20},"end":{"line":86,"column":21},"skip":true},"17":{"start":{"line":82,"column":24},"end":{"line":82,"column":43},"skip":true},"18":{"start":{"line":83,"column":24},"end":{"line":83,"column":30},"skip":true},"19":{"start":{"line":85,"column":24},"end":{"line":85,"column":49},"skip":true},"20":{"start":{"line":89,"column":12},"end":{"line":107,"column":13},"skip":true},"21":{"start":{"line":92,"column":16},"end":{"line":102,"column":17},"skip":true},"22":{"start":{"line":93,"column":20},"end":{"line":93,"column":86},"skip":true},"23":{"start":{"line":94,"column":20},"end":{"line":95,"column":45},"skip":true},"24":{"start":{"line":96,"column":20},"end":{"line":96,"column":42},"skip":true},"25":{"start":{"line":97,"column":20},"end":{"line":97,"column":48},"skip":true},"26":{"start":{"line":100,"column":20},"end":{"line":100,"column":85},"skip":true},"27":{"start":{"line":101,"column":20},"end":{"line":101,"column":96},"skip":true},"28":{"start":{"line":103,"column":16},"end":{"line":103,"column":22},"skip":true},"29":{"start":{"line":106,"column":16},"end":{"line":106,"column":22},"skip":true},"30":{"start":{"line":108,"column":12},"end":{"line":120,"column":13},"skip":true},"31":{"start":{"line":114,"column":16},"end":{"line":119,"column":17},"skip":true},"32":{"start":{"line":116,"column":20},"end":{"line":116,"column":78},"skip":true},"33":{"start":{"line":118,"column":20},"end":{"line":118,"column":47},"skip":true},"34":{"start":{"line":123,"column":8},"end":{"line":141,"column":11},"skip":true},"35":{"start":{"line":124,"column":12},"end":{"line":124,"column":54},"skip":true},"36":{"start":{"line":125,"column":12},"end":{"line":140,"column":14},"skip":true},"37":{"start":{"line":126,"column":16},"end":{"line":126,"column":28},"skip":true},"38":{"start":{"line":127,"column":16},"end":{"line":127,"column":69},"skip":true},"39":{"start":{"line":128,"column":16},"end":{"line":128,"column":75},"skip":true},"40":{"start":{"line":129,"column":16},"end":{"line":131,"column":17},"skip":true},"41":{"start":{"line":130,"column":20},"end":{"line":130,"column":27},"skip":true},"42":{"start":{"line":133,"column":16},"end":{"line":137,"column":36},"skip":true},"43":{"start":{"line":134,"column":20},"end":{"line":136,"column":55},"skip":true},"44":{"start":{"line":139,"column":16},"end":{"line":139,"column":57},"skip":true},"45":{"start":{"line":143,"column":8},"end":{"line":147,"column":11},"skip":true},"46":{"start":{"line":144,"column":12},"end":{"line":146,"column":15},"skip":true},"47":{"start":{"line":145,"column":16},"end":{"line":145,"column":70},"skip":true},"48":{"start":{"line":149,"column":8},"end":{"line":149,"column":31},"skip":true},"49":{"start":{"line":150,"column":8},"end":{"line":150,"column":14},"skip":true},"50":{"start":{"line":158,"column":8},"end":{"line":158,"column":31},"skip":true},"51":{"start":{"line":160,"column":8},"end":{"line":160,"column":33},"skip":true},"52":{"start":{"line":161,"column":8},"end":{"line":161,"column":37},"skip":true},"53":{"start":{"line":162,"column":8},"end":{"line":162,"column":35},"skip":true},"54":{"start":{"line":164,"column":8},"end":{"line":164,"column":50},"skip":true},"55":{"start":{"line":166,"column":8},"end":{"line":256,"column":2},"skip":true},"56":{"start":{"line":258,"column":8},"end":{"line":286,"column":9},"skip":true},"57":{"start":{"line":259,"column":12},"end":{"line":269,"column":14},"skip":true},"58":{"start":{"line":271,"column":12},"end":{"line":285,"column":19},"skip":true},"59":{"start":{"line":274,"column":20},"end":{"line":274,"column":35},"skip":true},"60":{"start":{"line":275,"column":20},"end":{"line":284,"column":21},"skip":true},"61":{"start":{"line":277,"column":24},"end":{"line":277,"column":64},"skip":true},"62":{"start":{"line":279,"column":24},"end":{"line":279,"column":40},"skip":true},"63":{"start":{"line":281,"column":24},"end":{"line":281,"column":40},"skip":true},"64":{"start":{"line":283,"column":24},"end":{"line":283,"column":39},"skip":true},"65":{"start":{"line":288,"column":8},"end":{"line":290,"column":9},"skip":true},"66":{"start":{"line":289,"column":12},"end":{"line":289,"column":18},"skip":true},"67":{"start":{"line":291,"column":8},"end":{"line":293,"column":54},"skip":true},"68":{"start":{"line":296,"column":8},"end":{"line":301,"column":37},"skip":true},"69":{"start":{"line":303,"column":8},"end":{"line":303,"column":82},"skip":true},"70":{"start":{"line":306,"column":8},"end":{"line":308,"column":9},"skip":true},"71":{"start":{"line":307,"column":12},"end":{"line":307,"column":82},"skip":true},"72":{"start":{"line":310,"column":8},"end":{"line":312,"column":9},"skip":true},"73":{"start":{"line":311,"column":12},"end":{"line":311,"column":18},"skip":true},"74":{"start":{"line":313,"column":8},"end":{"line":313,"column":54},"skip":true},"75":{"start":{"line":314,"column":8},"end":{"line":314,"column":69},"skip":true},"76":{"start":{"line":315,"column":8},"end":{"line":323,"column":36},"skip":true},"77":{"start":{"line":316,"column":12},"end":{"line":316,"column":61},"skip":true},"78":{"start":{"line":317,"column":12},"end":{"line":320,"column":13},"skip":true},"79":{"start":{"line":318,"column":16},"end":{"line":318,"column":75},"skip":true},"80":{"start":{"line":319,"column":16},"end":{"line":319,"column":23},"skip":true},"81":{"start":{"line":321,"column":12},"end":{"line":321,"column":38},"skip":true},"82":{"start":{"line":322,"column":12},"end":{"line":322,"column":27},"skip":true},"83":{"start":{"line":324,"column":8},"end":{"line":324,"column":14},"skip":true}},"branchMap":{"1":{"line":39,"type":"binary-expr","locations":[{"start":{"line":39,"column":23},"end":{"line":39,"column":62}},{"start":{"line":40,"column":20},"end":{"line":40,"column":70}},{"start":{"line":41,"column":20},"end":{"line":41,"column":71}},{"start":{"line":42,"column":20},"end":{"line":42,"column":29}}]},"2":{"line":44,"type":"binary-expr","locations":[{"start":{"line":44,"column":23},"end":{"line":44,"column":37}},{"start":{"line":45,"column":20},"end":{"line":45,"column":61}},{"start":{"line":46,"column":20},"end":{"line":46,"column":70}},{"start":{"line":47,"column":20},"end":{"line":47,"column":26}}]},"3":{"line":51,"type":"cond-expr","locations":[{"start":{"line":52,"column":14},"end":{"line":52,"column":20}},{"start":{"line":53,"column":14},"end":{"line":53,"column":20}}]},"4":{"line":55,"type":"binary-expr","locations":[{"start":{"line":55,"column":16},"end":{"line":55,"column":44}},{"start":{"line":55,"column":49},"end":{"line":57,"column":43}}]},"5":{"line":55,"type":"cond-expr","locations":[{"start":{"line":56,"column":14},"end":{"line":56,"column":52}},{"start":{"line":57,"column":14},"end":{"line":57,"column":43}}]},"6":{"line":61,"type":"switch","locations":[{"start":{"line":68,"column":4},"end":{"line":150,"column":14},"skip":true},{"start":{"line":156,"column":4},"end":{"line":324,"column":14},"skip":true}]},"7":{"line":70,"type":"if","locations":[{"start":{"line":70,"column":12},"end":{"line":70,"column":12},"skip":true},{"start":{"line":70,"column":12},"end":{"line":70,"column":12},"skip":true}]},"8":{"line":70,"type":"binary-expr","locations":[{"start":{"line":70,"column":16},"end":{"line":70,"column":22},"skip":true},{"start":{"line":70,"column":27},"end":{"line":70,"column":32},"skip":true},{"start":{"line":71,"column":20},"end":{"line":71,"column":39},"skip":true},{"start":{"line":72,"column":20},"end":{"line":72,"column":49},"skip":true},{"start":{"line":73,"column":20},"end":{"line":73,"column":58},"skip":true},{"start":{"line":74,"column":20},"end":{"line":74,"column":69},"skip":true}]},"9":{"line":79,"type":"switch","locations":[{"start":{"line":80,"column":20},"end":{"line":80,"column":33},"skip":true},{"start":{"line":81,"column":20},"end":{"line":83,"column":30},"skip":true},{"start":{"line":84,"column":20},"end":{"line":85,"column":49},"skip":true}]},"10":{"line":89,"type":"switch","locations":[{"start":{"line":90,"column":12},"end":{"line":103,"column":22},"skip":true},{"start":{"line":105,"column":12},"end":{"line":106,"column":22},"skip":true}]},"11":{"line":89,"type":"binary-expr","locations":[{"start":{"line":89,"column":20},"end":{"line":89,"column":25},"skip":true},{"start":{"line":89,"column":29},"end":{"line":89,"column":48},"skip":true},{"start":{"line":89,"column":52},"end":{"line":89,"column":74},"skip":true}]},"12":{"line":92,"type":"if","locations":[{"start":{"line":92,"column":16},"end":{"line":92,"column":16},"skip":true},{"start":{"line":92,"column":16},"end":{"line":92,"column":16},"skip":true}]},"13":{"line":108,"type":"if","locations":[{"start":{"line":108,"column":12},"end":{"line":108,"column":12},"skip":true},{"start":{"line":108,"column":12},"end":{"line":108,"column":12},"skip":true}]},"14":{"line":108,"type":"binary-expr","locations":[{"start":{"line":108,"column":16},"end":{"line":108,"column":61},"skip":true},{"start":{"line":108,"column":66},"end":{"line":108,"column":72},"skip":true},{"start":{"line":108,"column":77},"end":{"line":108,"column":82},"skip":true},{"start":{"line":109,"column":20},"end":{"line":109,"column":39},"skip":true},{"start":{"line":110,"column":20},"end":{"line":110,"column":49},"skip":true},{"start":{"line":111,"column":20},"end":{"line":111,"column":58},"skip":true},{"start":{"line":112,"column":20},"end":{"line":112,"column":68},"skip":true}]},"15":{"line":129,"type":"if","locations":[{"start":{"line":129,"column":16},"end":{"line":129,"column":16},"skip":true},{"start":{"line":129,"column":16},"end":{"line":129,"column":16},"skip":true}]},"16":{"line":134,"type":"cond-expr","locations":[{"start":{"line":135,"column":26},"end":{"line":135,"column":29},"skip":true},{"start":{"line":136,"column":26},"end":{"line":136,"column":54},"skip":true}]},"17":{"line":164,"type":"binary-expr","locations":[{"start":{"line":164,"column":27},"end":{"line":164,"column":43},"skip":true},{"start":{"line":164,"column":47},"end":{"line":164,"column":49},"skip":true}]},"18":{"line":258,"type":"if","locations":[{"start":{"line":258,"column":8},"end":{"line":258,"column":8},"skip":true},{"start":{"line":258,"column":8},"end":{"line":258,"column":8},"skip":true}]},"19":{"line":275,"type":"switch","locations":[{"start":{"line":276,"column":20},"end":{"line":277,"column":64},"skip":true},{"start":{"line":278,"column":20},"end":{"line":279,"column":40},"skip":true},{"start":{"line":280,"column":20},"end":{"line":281,"column":40},"skip":true},{"start":{"line":282,"column":20},"end":{"line":283,"column":39},"skip":true}]},"20":{"line":288,"type":"if","locations":[{"start":{"line":288,"column":8},"end":{"line":288,"column":8},"skip":true},{"start":{"line":288,"column":8},"end":{"line":288,"column":8},"skip":true}]},"21":{"line":288,"type":"binary-expr","locations":[{"start":{"line":288,"column":12},"end":{"line":288,"column":40},"skip":true},{"start":{"line":288,"column":44},"end":{"line":288,"column":67},"skip":true}]},"22":{"line":292,"type":"binary-expr","locations":[{"start":{"line":292,"column":12},"end":{"line":292,"column":50},"skip":true},{"start":{"line":293,"column":12},"end":{"line":293,"column":53},"skip":true}]},"23":{"line":297,"type":"binary-expr","locations":[{"start":{"line":297,"column":12},"end":{"line":297,"column":66},"skip":true},{"start":{"line":298,"column":12},"end":{"line":301,"column":36},"skip":true}]},"24":{"line":303,"type":"binary-expr","locations":[{"start":{"line":303,"column":43},"end":{"line":303,"column":75},"skip":true},{"start":{"line":303,"column":79},"end":{"line":303,"column":81},"skip":true}]},"25":{"line":306,"type":"if","locations":[{"start":{"line":306,"column":8},"end":{"line":306,"column":8},"skip":true},{"start":{"line":306,"column":8},"end":{"line":306,"column":8},"skip":true}]},"26":{"line":310,"type":"if","locations":[{"start":{"line":310,"column":8},"end":{"line":310,"column":8},"skip":true},{"start":{"line":310,"column":8},"end":{"line":310,"column":8},"skip":true}]},"27":{"line":313,"type":"binary-expr","locations":[{"start":{"line":313,"column":27},"end":{"line":313,"column":43},"skip":true},{"start":{"line":313,"column":47},"end":{"line":313,"column":53},"skip":true}]},"28":{"line":317,"type":"if","locations":[{"start":{"line":317,"column":12},"end":{"line":317,"column":12},"skip":true},{"start":{"line":317,"column":12},"end":{"line":317,"column":12},"skip":true}]}},"code":["/*","example.js","","quickstart example","","instruction","    1. save this script as example.js","    2. run the shell command:","        $ npm install npmtest-istanbul && PORT=8081 node example.js","    3. play with the browser-demo on http://127.0.0.1:8081","*/","","","","/* istanbul instrument in package npmtest_istanbul */","/*jslint","    bitwise: true,","    browser: true,","    maxerr: 8,","    maxlen: 96,","    node: true,","    nomen: true,","    regexp: true,","    stupid: true","*/","(function () {","    'use strict';","    var local;","","","","    // run shared js-env code - pre-init","    (function () {","        // init local","        local = {};","        // init modeJs","        local.modeJs = (function () {","            try {","                return typeof navigator.userAgent === 'string' &&","                    typeof document.querySelector('body') === 'object' &&","                    typeof XMLHttpRequest.prototype.open === 'function' &&","                    'browser';","            } catch (errorCaughtBrowser) {","                return module.exports &&","                    typeof process.versions.node === 'string' &&","                    typeof require('http').createServer === 'function' &&","                    'node';","            }","        }());","        // init global","        local.global = local.modeJs === 'browser'","            ? window","            : global;","        // init utility2_rollup","        local = local.global.utility2_rollup || (local.modeJs === 'browser'","            ? local.global.utility2_npmtest_istanbul","            : global.utility2_moduleExports);","        // export local","        local.global.local = local;","    }());","    switch (local.modeJs) {","","","","    // post-init","    // run browser js-env code - post-init","    /* istanbul ignore next */","    case 'browser':","        local.testRunBrowser = function (event) {","            if (!event || (event &&","                    event.currentTarget &&","                    event.currentTarget.className &&","                    event.currentTarget.className.includes &&","                    event.currentTarget.className.includes('onreset'))) {","                // reset output","                Array.from(","                    document.querySelectorAll('body > .resettable')","                ).forEach(function (element) {","                    switch (element.tagName) {","                    case 'INPUT':","                    case 'TEXTAREA':","                        element.value = '';","                        break;","                    default:","                        element.textContent = '';","                    }","                });","            }","            switch (event && event.currentTarget && event.currentTarget.id) {","            case 'testRunButton1':","                // show tests","                if (document.querySelector('#testReportDiv1').style.display === 'none') {","                    document.querySelector('#testReportDiv1').style.display = 'block';","                    document.querySelector('#testRunButton1').textContent =","                        'hide internal test';","                    local.modeTest = true;","                    local.testRunDefault(local);","                // hide tests","                } else {","                    document.querySelector('#testReportDiv1').style.display = 'none';","                    document.querySelector('#testRunButton1').textContent = 'run internal test';","                }","                break;","            // custom-case","            default:","                break;","            }","            if (document.querySelector('#inputTextareaEval1') && (!event || (event &&","                    event.currentTarget &&","                    event.currentTarget.className &&","                    event.currentTarget.className.includes &&","                    event.currentTarget.className.includes('oneval')))) {","                // try to eval input-code","                try {","                    /*jslint evil: true*/","                    eval(document.querySelector('#inputTextareaEval1').value);","                } catch (errorCaught) {","                    console.error(errorCaught);","                }","            }","        };","        // log stderr and stdout to #outputTextareaStdout1","        ['error', 'log'].forEach(function (key) {","            console[key + '_original'] = console[key];","            console[key] = function () {","                var element;","                console[key + '_original'].apply(console, arguments);","                element = document.querySelector('#outputTextareaStdout1');","                if (!element) {","                    return;","                }","                // append text to #outputTextareaStdout1","                element.value += Array.from(arguments).map(function (arg) {","                    return typeof arg === 'string'","                        ? arg","                        : JSON.stringify(arg, null, 4);","                }).join(' ') + '\\n';","                // scroll textarea to bottom","                element.scrollTop = element.scrollHeight;","            };","        });","        // init event-handling","        ['change', 'click', 'keyup'].forEach(function (event) {","            Array.from(document.querySelectorAll('.on' + event)).forEach(function (element) {","                element.addEventListener(event, local.testRunBrowser);","            });","        });","        // run tests","        local.testRunBrowser();","        break;","","","","    // run node js-env code - post-init","    /* istanbul ignore next */","    case 'node':","        // export local","        module.exports = local;","        // require modules","        local.fs = require('fs');","        local.http = require('http');","        local.url = require('url');","        // init assets","        local.assetsDict = local.assetsDict || {};","        /* jslint-ignore-begin */","        local.assetsDict['/assets.index.template.html'] = '\\","<!doctype html>\\n\\","<html lang=\"en\">\\n\\","<head>\\n\\","<meta charset=\"UTF-8\">\\n\\","<meta name=\"viewport\" content=\"width=device-width, initial-scale=1\">\\n\\","<title>{{env.npm_package_name}} (v{{env.npm_package_version}})</title>\\n\\","<style>\\n\\","/*csslint\\n\\","    box-sizing: false,\\n\\","    universal-selector: false\\n\\","*/\\n\\","* {\\n\\","    box-sizing: border-box;\\n\\","}\\n\\","body {\\n\\","    background: #dde;\\n\\","    font-family: Arial, Helvetica, sans-serif;\\n\\","    margin: 2rem;\\n\\","}\\n\\","body > * {\\n\\","    margin-bottom: 1rem;\\n\\","}\\n\\",".utility2FooterDiv {\\n\\","    margin-top: 20px;\\n\\","    text-align: center;\\n\\","}\\n\\","</style>\\n\\","<style>\\n\\","/*csslint\\n\\","*/\\n\\","textarea {\\n\\","    font-family: monospace;\\n\\","    height: 10rem;\\n\\","    width: 100%;\\n\\","}\\n\\","textarea[readonly] {\\n\\","    background: #ddd;\\n\\","}\\n\\","</style>\\n\\","</head>\\n\\","<body>\\n\\","<!-- utility2-comment\\n\\","<div id=\"ajaxProgressDiv1\" style=\"background: #d00; height: 2px; left: 0; margin: 0; padding: 0; position: fixed; top: 0; transition: background 0.5s, width 1.5s; width: 25%;\"></div>\\n\\","utility2-comment -->\\n\\","<h1>\\n\\","<!-- utility2-comment\\n\\","    <a\\n\\","        {{#if env.npm_package_homepage}}\\n\\","        href=\"{{env.npm_package_homepage}}\"\\n\\","        {{/if env.npm_package_homepage}}\\n\\","        target=\"_blank\"\\n\\","    >\\n\\","utility2-comment -->\\n\\","        {{env.npm_package_name}} (v{{env.npm_package_version}})\\n\\","<!-- utility2-comment\\n\\","    </a>\\n\\","utility2-comment -->\\n\\","</h1>\\n\\","<h3>{{env.npm_package_description}}</h3>\\n\\","<!-- utility2-comment\\n\\","<h4><a download href=\"assets.app.js\">download standalone app</a></h4>\\n\\","<button class=\"onclick onreset\" id=\"testRunButton1\">run internal test</button><br>\\n\\","<div id=\"testReportDiv1\" style=\"display: none;\"></div>\\n\\","utility2-comment -->\\n\\","\\n\\","\\n\\","\\n\\","<label>stderr and stdout</label>\\n\\","<textarea class=\"resettable\" id=\"outputTextareaStdout1\" readonly></textarea>\\n\\","<!-- utility2-comment\\n\\","{{#if isRollup}}\\n\\","<script src=\"assets.app.js\"></script>\\n\\","{{#unless isRollup}}\\n\\","utility2-comment -->\\n\\","<script src=\"assets.utility2.rollup.js\"></script>\\n\\","<script src=\"jsonp.utility2._stateInit?callback=window.utility2._stateInit\"></script>\\n\\","<script src=\"assets.npmtest_istanbul.rollup.js\"></script>\\n\\","<script src=\"assets.example.js\"></script>\\n\\","<script src=\"assets.test.js\"></script>\\n\\","<!-- utility2-comment\\n\\","{{/if isRollup}}\\n\\","utility2-comment -->\\n\\","<div class=\"utility2FooterDiv\">\\n\\","    [ this app was created with\\n\\","    <a href=\"https://github.com/kaizhu256/node-utility2\" target=\"_blank\">utility2</a>\\n\\","    ]\\n\\","</div>\\n\\","</body>\\n\\","</html>\\n\\","';","        /* jslint-ignore-end */","        if (local.templateRender) {","            local.assetsDict['/'] = local.templateRender(","                local.assetsDict['/assets.index.template.html'],","                {","                    env: local.objectSetDefault(local.env, {","                        npm_package_description: 'the greatest app in the world!',","                        npm_package_name: 'my-app',","                        npm_package_nameAlias: 'my_app',","                        npm_package_version: '0.0.1'","                    })","                }","            );","        } else {","            local.assetsDict['/'] = local.assetsDict['/assets.index.template.html']","                .replace((/\\{\\{env\\.(\\w+?)\\}\\}/g), function (match0, match1) {","                    // jslint-hack","                    String(match0);","                    switch (match1) {","                    case 'npm_package_description':","                        return 'the greatest app in the world!';","                    case 'npm_package_name':","                        return 'my-app';","                    case 'npm_package_nameAlias':","                        return 'my_app';","                    case 'npm_package_version':","                        return '0.0.1';","                    }","                });","        }","        // run the cli","        if (local.global.utility2_rollup || module !== require.main) {","            break;","        }","        local.assetsDict['/assets.example.js'] =","            local.assetsDict['/assets.example.js'] ||","            local.fs.readFileSync(__filename, 'utf8');","        // bug-workaround - long $npm_package_buildCustomOrg","        /* jslint-ignore-begin */","        local.assetsDict['/assets.npmtest_istanbul.rollup.js'] =","            local.assetsDict['/assets.npmtest_istanbul.rollup.js'] ||","            local.fs.readFileSync(","                local.npmtest_istanbul.__dirname + '/lib.npmtest_istanbul.js',","                'utf8'","            ).replace((/^#!/), '//');","        /* jslint-ignore-end */","        local.assetsDict['/favicon.ico'] = local.assetsDict['/favicon.ico'] || '';","        // if $npm_config_timeout_exit exists,","        // then exit this process after $npm_config_timeout_exit ms","        if (Number(process.env.npm_config_timeout_exit)) {","            setTimeout(process.exit, Number(process.env.npm_config_timeout_exit));","        }","        // start server","        if (local.global.utility2_serverHttp1) {","            break;","        }","        process.env.PORT = process.env.PORT || '8081';","        console.error('server starting on port ' + process.env.PORT);","        local.http.createServer(function (request, response) {","            request.urlParsed = local.url.parse(request.url);","            if (local.assetsDict[request.urlParsed.pathname] !== undefined) {","                response.end(local.assetsDict[request.urlParsed.pathname]);","                return;","            }","            response.statusCode = 404;","            response.end();","        }).listen(process.env.PORT);","        break;","    }","}());",""],"l":{"26":2,"28":2,"33":2,"35":2,"37":2,"38":2,"39":2,"44":1,"51":2,"55":2,"59":2,"61":2,"69":1,"70":2,"76":2,"79":2,"82":2,"83":2,"85":1,"89":2,"92":1,"93":1,"94":1,"96":1,"97":1,"100":1,"101":1,"103":1,"106":1,"108":2,"114":1,"116":1,"118":1,"123":1,"124":2,"125":2,"126":3,"127":3,"128":3,"129":3,"130":1,"133":3,"134":3,"139":3,"143":1,"144":3,"145":1,"149":1,"150":1,"158":1,"160":1,"161":1,"162":1,"164":1,"166":1,"258":1,"259":1,"271":1,"274":6,"275":6,"277":1,"279":2,"281":1,"283":2,"288":1,"289":1,"291":1,"296":1,"303":1,"306":1,"307":1,"310":1,"311":1,"313":1,"314":1,"315":1,"316":1,"317":1,"318":1,"319":1,"321":1,"322":1,"324":1}},"/home/travis/build/npmtest/node-npmtest-istanbul/node_modules/istanbul/index.js":{"path":"/home/travis/build/npmtest/node-npmtest-istanbul/node_modules/istanbul/index.js","s":{"1":1,"2":1,"3":1},"b":{},"f":{},"fnMap":{},"statementMap":{"1":{"start":{"line":7,"column":0},"end":{"line":10,"column":38}},"2":{"start":{"line":13,"column":0},"end":{"line":13,"column":34}},"3":{"start":{"line":31,"column":0},"end":{"line":151,"column":2}}},"branchMap":{},"code":["/*","Copyright (c) 2012, Yahoo! Inc.  All rights reserved.","Copyrights licensed under the New BSD License. See the accompanying LICENSE file for terms.","*/","","/*jslint nomen: true */","var path = require('path'),","    Store = require('./lib/store'),","    Report = require('./lib/report'),","    meta = require('./lib/util/meta');","","//register our standard plugins","require('./lib/register-plugins');","","/**"," * the top-level API for `istanbul`. provides access to the key libraries in"," * istanbul so you can write your own tools using `istanbul` as a library."," *"," * Usage"," * -----"," *"," *      var istanbul = require('istanbul');"," *"," *"," * @class Istanbul"," * @static"," * @module main"," * @main main"," */","","module.exports = {","    /**","     * the Instrumenter class.","     * @property Instrumenter","     * @type Instrumenter","     * @static","     */","    Instrumenter: require('./lib/instrumenter'),","    /**","     * the Store class.","     * @property  Store","     * @type Store","     * @static","     */","    Store: Store,","    /**","     * the Collector class","     * @property  Collector","     * @type Collector","     * @static","     */","    Collector: require('./lib/collector'),","    /**","     * the hook module","     * @property hook","     * @type Hook","     * @static","     */","    hook: require('./lib/hook'),","    /**","     * the Report class","     * @property Report","     * @type Report","     * @static","     */","    Report: Report,","    /**","     * the config module","     * @property config","     * @type Config","     * @static","     */","    config: require('./lib/config'),","    /**","     * the Reporter class","     * @property Reporter","     * @type Reporter","     * @static","     */","    Reporter: require('./lib/reporter'),","    /**","     * utility for processing coverage objects","     * @property utils","     * @type ObjectUtils","     * @static","     */","    utils: require('./lib/object-utils'),","    /**","     * asynchronously returns a function that can match filesystem paths.","     * The function returned in the callback may be passed directly as a `matcher`","     * to the functions in the `hook` module.","     *","     * When no options are passed, the match function is one that matches all JS","     * files under the current working directory except ones under `node_modules`","     *","     * Match patterns are `ant`-style patterns processed using the `glob` library.","     * Examples not provided due to limitations in putting asterisks inside","     * jsdoc comments. Please refer to tests under `test/other/test-matcher.js`","     * for examples.","     *","     * @method matcherFor","     * @static","     * @param {Object} options Optional. Lookup options.","     * @param {String} [options.root] the root of the filesystem tree under","     *     which to match files. Defaults to `process.cwd()`","     * @param {Array} [options.includes] an array of include patterns to match.","     *     Defaults to all JS files under the root.","     * @param {Array} [options.excludes] and array of exclude patterns. File paths","     *     matching these patterns will be excluded by the returned matcher.","     *     Defaults to files under `node_modules` found anywhere under root.","     * @param {Function(err, matchFunction)} callback  The callback that is","     *      called with two arguments. The first is an `Error` object in case","     *      of errors or a falsy value if there were no errors. The second","     *      is a function that may be use as a matcher.","     */","    matcherFor: require('./lib/util/file-matcher').matcherFor,","    /**","     * the version of the library","     * @property VERSION","     * @type String","     * @static","     */","    VERSION: meta.VERSION,","    /**","     * the abstract Writer class","     * @property Writer","     * @type Writer","     * @static","     */","    Writer: require('./lib/util/writer').Writer,","    /**","     * the abstract ContentWriter class","     * @property ContentWriter","     * @type ContentWriter","     * @static","     */","    ContentWriter: require('./lib/util/writer').ContentWriter,","    /**","     * the concrete FileWriter class","     * @property FileWriter","     * @type FileWriter","     * @static","     */","    FileWriter: require('./lib/util/file-writer'),","    //undocumented","    _yuiLoadHook: require('./lib/util/yui-load-hook'),","    //undocumented","    TreeSummarizer: require('./lib/util/tree-summarizer'),","    //undocumented","    assetsDir: path.resolve(__dirname, 'lib', 'assets')","};","","",""],"l":{"7":1,"13":1,"31":1}},"/home/travis/build/npmtest/node-npmtest-istanbul/node_modules/istanbul/lib/store/index.js":{"path":"/home/travis/build/npmtest/node-npmtest-istanbul/node_modules/istanbul/lib/store/index.js","s":{"1":1,"2":1,"3":1,"4":1,"5":0,"6":0,"7":0,"8":0,"9":0,"10":0,"11":1},"b":{},"f":{"1":0,"2":0,"3":0,"4":0,"5":0,"6":0,"7":0,"8":0},"fnMap":{"1":{"name":"Store","line":42,"loc":{"start":{"line":42,"column":0},"end":{"line":42,"column":30}}},"2":{"name":"(anonymous_2)","line":73,"loc":{"start":{"line":73,"column":9},"end":{"line":73,"column":40}}},"3":{"name":"(anonymous_3)","line":81,"loc":{"start":{"line":81,"column":9},"end":{"line":81,"column":30}}},"4":{"name":"(anonymous_4)","line":87,"loc":{"start":{"line":87,"column":10},"end":{"line":87,"column":22}}},"5":{"name":"(anonymous_5)","line":94,"loc":{"start":{"line":94,"column":12},"end":{"line":94,"column":33}}},"6":{"name":"(anonymous_6)","line":99,"loc":{"start":{"line":99,"column":13},"end":{"line":99,"column":25}}},"7":{"name":"(anonymous_7)","line":107,"loc":{"start":{"line":107,"column":15},"end":{"line":107,"column":30}}},"8":{"name":"(anonymous_8)","line":116,"loc":{"start":{"line":116,"column":15},"end":{"line":116,"column":38}}}},"statementMap":{"1":{"start":{"line":6,"column":0},"end":{"line":7,"column":53}},"2":{"start":{"line":42,"column":0},"end":{"line":42,"column":32}},"3":{"start":{"line":45,"column":0},"end":{"line":45,"column":32}},"4":{"start":{"line":63,"column":0},"end":{"line":119,"column":2}},"5":{"start":{"line":73,"column":42},"end":{"line":73,"column":85}},"6":{"start":{"line":81,"column":32},"end":{"line":81,"column":75}},"7":{"start":{"line":87,"column":24},"end":{"line":87,"column":68}},"8":{"start":{"line":94,"column":35},"end":{"line":94,"column":81}},"9":{"start":{"line":108,"column":8},"end":{"line":108,"column":41}},"10":{"start":{"line":117,"column":8},"end":{"line":117,"column":53}},"11":{"start":{"line":121,"column":0},"end":{"line":121,"column":23}}},"branchMap":{},"code":["/*"," Copyright (c) 2012, Yahoo! Inc.  All rights reserved."," Copyrights licensed under the New BSD License. See the accompanying LICENSE file for terms."," */","","var Factory = require('../util/factory'),","    factory = new Factory('store', __dirname, false);","/**"," * An abstraction for keeping track of content against some keys (e.g."," * original source, instrumented source, coverage objects against file names)."," * This class is both the base class as well as a factory for `Store` implementations."," *"," * Usage"," * -----"," *"," *      var Store = require('istanbul').Store,"," *          store = Store.create('memory');"," *"," *      //basic use"," *      store.set('foo', 'foo-content');"," *      var content = store.get('foo');"," *"," *      //keys and values"," *      store.keys().forEach(function (key) {"," *          console.log(key + ':\\n' + store.get(key);"," *      });"," *      if (store.hasKey('bar') { console.log(store.get('bar'); }"," *"," *"," *      //syntactic sugar"," *      store.setObject('foo', { foo: true });"," *      console.log(store.getObject('foo').foo);"," *"," *      store.dispose();"," *"," * @class Store"," * @constructor"," * @module store"," * @param {Object} options Optional. The options supported by a specific store implementation."," * @main store"," */","function Store(/* options */) {}","","//add register, create, mix, loadAll, getStoreList as class methods","factory.bindClassMethods(Store);","","/**"," * registers a new store implementation."," * @method register"," * @static"," * @param {Function} constructor the constructor function for the store. This function must have a"," *  `TYPE` property of type String, that will be used in `Store.create()`"," */","/**"," * returns a store implementation of the specified type."," * @method create"," * @static"," * @param {String} type the type of store to create"," * @param {Object} opts Optional. Options specific to the store implementation"," * @return {Store} a new store of the specified type"," */","","Store.prototype = {","    /**","     * sets some content associated with a specific key. The manner in which","     * duplicate keys are handled for multiple `set()` calls with the same","     * key is implementation-specific.","     *","     * @method set","     * @param {String} key the key for the content","     * @param {String} contents the contents for the key","     */","    set: function (/* key, contents */) { throw new Error(\"set: must be overridden\"); },","    /**","     * returns the content associated to a specific key or throws if the key","     * was not `set`","     * @method get","     * @param {String} key the key for which to get the content","     * @return {String} the content for the specified key","     */","    get: function (/* key */) { throw new Error(\"get: must be overridden\"); },","    /**","     * returns a list of all known keys","     * @method keys","     * @return {Array} an array of seen keys","     */","    keys: function () { throw new Error(\"keys: must be overridden\"); },","    /**","     * returns true if the key is one for which a `get()` call would work.","     * @method hasKey","     * @param {String} key","     * @return true if the key is valid for this store, false otherwise","     */","    hasKey: function (/* key */) { throw new Error(\"hasKey: must be overridden\"); },","    /**","     * lifecycle method to dispose temporary resources associated with the store","     * @method dispose","     */","    dispose: function () {},","    /**","     * sugar method to return an object associated with a specific key. Throws","     * if the content set against the key was not a valid JSON string.","     * @method getObject","     * @param {String} key the key for which to return the associated object","     * @return {Object} the object corresponding to the key","     */","    getObject: function (key) {","        return JSON.parse(this.get(key));","    },","    /**","     * sugar method to set an object against a specific key.","     * @method setObject","     * @param {String} key the key for the object","     * @param {Object} object the object to be stored","     */","    setObject: function (key, object) {","        return this.set(key, JSON.stringify(object));","    }","};","","module.exports = Store;","","",""],"l":{"6":1,"42":1,"45":1,"63":1,"73":0,"81":0,"87":0,"94":0,"108":0,"117":0,"121":1}},"/home/travis/build/npmtest/node-npmtest-istanbul/node_modules/istanbul/lib/util/factory.js":{"path":"/home/travis/build/npmtest/node-npmtest-istanbul/node_modules/istanbul/lib/util/factory.js","s":{"1":1,"2":1,"3":3,"4":3,"5":3,"6":3,"7":3,"8":1,"9":0,"10":0,"11":0,"12":0,"13":0,"14":0,"15":21,"16":21,"17":0,"18":21,"19":21,"20":0,"21":0,"22":0,"23":0,"24":0,"25":3,"26":3,"27":27,"28":21,"29":21,"30":0,"31":0,"32":0,"33":3,"34":3,"35":3,"36":3,"37":3,"38":3,"39":3,"40":1,"41":1,"42":21,"43":72,"44":1},"b":{"1":[0,0],"2":[0,21],"3":[0,0],"4":[0,0],"5":[0,0],"6":[21,6],"7":[27,24],"8":[1,2]},"f":{"1":3,"2":0,"3":0,"4":21,"5":0,"6":3,"7":27,"8":3,"9":21,"10":72},"fnMap":{"1":{"name":"Factory","line":11,"loc":{"start":{"line":11,"column":0},"end":{"line":11,"column":48}}},"2":{"name":"(anonymous_2)","line":21,"loc":{"start":{"line":21,"column":16},"end":{"line":21,"column":28}}},"3":{"name":"(anonymous_3)","line":27,"loc":{"start":{"line":27,"column":13},"end":{"line":27,"column":40}}},"4":{"name":"(anonymous_4)","line":34,"loc":{"start":{"line":34,"column":14},"end":{"line":34,"column":37}}},"5":{"name":"(anonymous_5)","line":41,"loc":{"start":{"line":41,"column":12},"end":{"line":41,"column":34}}},"6":{"name":"(anonymous_6)","line":51,"loc":{"start":{"line":51,"column":18},"end":{"line":51,"column":33}}},"7":{"name":"(anonymous_7)","line":53,"loc":{"start":{"line":53,"column":36},"end":{"line":53,"column":52}}},"8":{"name":"(anonymous_8)","line":66,"loc":{"start":{"line":66,"column":22},"end":{"line":66,"column":38}}},"9":{"name":"(anonymous_9)","line":81,"loc":{"start":{"line":81,"column":14},"end":{"line":81,"column":37}}},"10":{"name":"(anonymous_10)","line":82,"loc":{"start":{"line":82,"column":31},"end":{"line":82,"column":46}}}},"statementMap":{"1":{"start":{"line":6,"column":0},"end":{"line":9,"column":31}},"2":{"start":{"line":11,"column":0},"end":{"line":17,"column":1}},"3":{"start":{"line":12,"column":4},"end":{"line":12,"column":21}},"4":{"start":{"line":13,"column":4},"end":{"line":13,"column":19}},"5":{"start":{"line":14,"column":4},"end":{"line":14,"column":49}},"6":{"start":{"line":15,"column":4},"end":{"line":15,"column":23}},"7":{"start":{"line":16,"column":4},"end":{"line":16,"column":30}},"8":{"start":{"line":19,"column":0},"end":{"line":79,"column":2}},"9":{"start":{"line":22,"column":8},"end":{"line":22,"column":46}},"10":{"start":{"line":23,"column":8},"end":{"line":23,"column":20}},"11":{"start":{"line":24,"column":8},"end":{"line":24,"column":20}},"12":{"start":{"line":28,"column":8},"end":{"line":30,"column":9}},"13":{"start":{"line":29,"column":12},"end":{"line":29,"column":59}},"14":{"start":{"line":31,"column":8},"end":{"line":31,"column":51}},"15":{"start":{"line":35,"column":8},"end":{"line":35,"column":36}},"16":{"start":{"line":36,"column":8},"end":{"line":36,"column":140}},"17":{"start":{"line":36,"column":21},"end":{"line":36,"column":138}},"18":{"start":{"line":37,"column":8},"end":{"line":37,"column":42}},"19":{"start":{"line":38,"column":8},"end":{"line":38,"column":34}},"20":{"start":{"line":42,"column":8},"end":{"line":44,"column":17}},"21":{"start":{"line":46,"column":8},"end":{"line":46,"column":57}},"22":{"start":{"line":47,"column":8},"end":{"line":47,"column":135}},"23":{"start":{"line":47,"column":21},"end":{"line":47,"column":133}},"24":{"start":{"line":48,"column":8},"end":{"line":48,"column":30}},"25":{"start":{"line":52,"column":8},"end":{"line":52,"column":24}},"26":{"start":{"line":53,"column":8},"end":{"line":63,"column":11}},"27":{"start":{"line":54,"column":12},"end":{"line":62,"column":13}},"28":{"start":{"line":55,"column":16},"end":{"line":61,"column":17}},"29":{"start":{"line":56,"column":20},"end":{"line":56,"column":68}},"30":{"start":{"line":58,"column":20},"end":{"line":58,"column":46}},"31":{"start":{"line":59,"column":20},"end":{"line":59,"column":44}},"32":{"start":{"line":60,"column":20},"end":{"line":60,"column":94}},"33":{"start":{"line":67,"column":8},"end":{"line":68,"column":50}},"34":{"start":{"line":70,"column":8},"end":{"line":70,"column":31}},"35":{"start":{"line":71,"column":8},"end":{"line":71,"column":49}},"36":{"start":{"line":72,"column":8},"end":{"line":72,"column":45}},"37":{"start":{"line":73,"column":8},"end":{"line":73,"column":62}},"38":{"start":{"line":74,"column":8},"end":{"line":74,"column":68}},"39":{"start":{"line":75,"column":8},"end":{"line":77,"column":9}},"40":{"start":{"line":76,"column":12},"end":{"line":76,"column":73}},"41":{"start":{"line":81,"column":0},"end":{"line":85,"column":2}},"42":{"start":{"line":82,"column":4},"end":{"line":84,"column":7}},"43":{"start":{"line":83,"column":8},"end":{"line":83,"column":41}},"44":{"start":{"line":87,"column":0},"end":{"line":87,"column":25}}},"branchMap":{"1":{"line":28,"type":"if","locations":[{"start":{"line":28,"column":8},"end":{"line":28,"column":8}},{"start":{"line":28,"column":8},"end":{"line":28,"column":8}}]},"2":{"line":36,"type":"if","locations":[{"start":{"line":36,"column":8},"end":{"line":36,"column":8}},{"start":{"line":36,"column":8},"end":{"line":36,"column":8}}]},"3":{"line":43,"type":"cond-expr","locations":[{"start":{"line":43,"column":37},"end":{"line":43,"column":55}},{"start":{"line":43,"column":58},"end":{"line":43,"column":62}}]},"4":{"line":46,"type":"cond-expr","locations":[{"start":{"line":46,"column":26},"end":{"line":46,"column":49}},{"start":{"line":46,"column":52},"end":{"line":46,"column":56}}]},"5":{"line":47,"type":"if","locations":[{"start":{"line":47,"column":8},"end":{"line":47,"column":8}},{"start":{"line":47,"column":8},"end":{"line":47,"column":8}}]},"6":{"line":54,"type":"if","locations":[{"start":{"line":54,"column":12},"end":{"line":54,"column":12}},{"start":{"line":54,"column":12},"end":{"line":54,"column":12}}]},"7":{"line":54,"type":"binary-expr","locations":[{"start":{"line":54,"column":16},"end":{"line":54,"column":35}},{"start":{"line":54,"column":39},"end":{"line":54,"column":78}}]},"8":{"line":75,"type":"if","locations":[{"start":{"line":75,"column":8},"end":{"line":75,"column":8}},{"start":{"line":75,"column":8},"end":{"line":75,"column":8}}]}},"code":["/*"," Copyright (c) 2012, Yahoo! Inc.  All rights reserved."," Copyrights licensed under the New BSD License. See the accompanying LICENSE file for terms."," */","","var util = require('util'),","    path = require('path'),","    fs = require('fs'),","    abbrev = require('abbrev');","","function Factory(kind, dir, allowAbbreviations) {","    this.kind = kind;","    this.dir = dir;","    this.allowAbbreviations = allowAbbreviations;","    this.classMap = {};","    this.abbreviations = null;","}","","Factory.prototype = {","","    knownTypes: function () {","        var keys = Object.keys(this.classMap);","        keys.sort();","        return keys;","    },","","    resolve: function (abbreviatedType) {","        if (!this.abbreviations) {","            this.abbreviations = abbrev(this.knownTypes());","        }","        return this.abbreviations[abbreviatedType];","    },","","    register: function (constructor) {","        var type = constructor.TYPE;","        if (!type) { throw new Error('Could not register ' + this.kind + ' constructor [no TYPE property]: ' + util.inspect(constructor)); }","        this.classMap[type] = constructor;","        this.abbreviations = null;","    },","","    create: function (type, opts) {","        var allowAbbrev = this.allowAbbreviations,","            realType = allowAbbrev ? this.resolve(type) : type,","            Cons;","","        Cons = realType ? this.classMap[realType] : null;","        if (!Cons) { throw new Error('Invalid ' + this.kind + ' [' + type + '], allowed values are ' + this.knownTypes().join(', ')); }","        return new Cons(opts);","    },","","    loadStandard: function (dir) {","        var that = this;","        fs.readdirSync(dir).forEach(function (file) {","            if (file !== 'index.js' && file.indexOf('.js') === file.length - 3) {","                try {","                    that.register(require(path.resolve(dir, file)));","                } catch (ex) {","                    console.error(ex.message);","                    console.error(ex.stack);","                    throw new Error('Could not register ' + that.kind + ' from file ' + file);","                }","            }","        });","    },","","    bindClassMethods: function (Cons) {","        var tmpKind = this.kind.charAt(0).toUpperCase() + this.kind.substring(1), //ucfirst","            allowAbbrev = this.allowAbbreviations;","","        Cons.mix = Factory.mix;","        Cons.register = this.register.bind(this);","        Cons.create = this.create.bind(this);","        Cons.loadAll = this.loadStandard.bind(this, this.dir);","        Cons['get' + tmpKind + 'List'] = this.knownTypes.bind(this);","        if (allowAbbrev) {","            Cons['resolve' + tmpKind + 'Name'] = this.resolve.bind(this);","        }","    }","};","","Factory.mix = function (cons, proto) {","    Object.keys(proto).forEach(function (key) {","        cons.prototype[key] = proto[key];","    });","};","","module.exports = Factory;","",""],"l":{"6":1,"11":1,"12":3,"13":3,"14":3,"15":3,"16":3,"19":1,"22":0,"23":0,"24":0,"28":0,"29":0,"31":0,"35":21,"36":21,"37":21,"38":21,"42":0,"46":0,"47":0,"48":0,"52":3,"53":3,"54":27,"55":21,"56":21,"58":0,"59":0,"60":0,"67":3,"70":3,"71":3,"72":3,"73":3,"74":3,"75":3,"76":1,"81":1,"82":21,"83":72,"87":1}},"/home/travis/build/npmtest/node-npmtest-istanbul/node_modules/istanbul/lib/report/index.js":{"path":"/home/travis/build/npmtest/node-npmtest-istanbul/node_modules/istanbul/lib/report/index.js","s":{"1":1,"2":1,"3":0,"4":1,"5":1,"6":1,"7":0,"8":0,"9":0,"10":1,"11":3,"12":1},"b":{},"f":{"1":0,"2":0,"3":0,"4":0,"5":3},"fnMap":{"1":{"name":"Report","line":37,"loc":{"start":{"line":37,"column":0},"end":{"line":37,"column":31}}},"2":{"name":"(anonymous_2)","line":74,"loc":{"start":{"line":74,"column":14},"end":{"line":74,"column":26}}},"3":{"name":"(anonymous_3)","line":84,"loc":{"start":{"line":84,"column":22},"end":{"line":84,"column":34}}},"4":{"name":"(anonymous_4)","line":93,"loc":{"start":{"line":93,"column":17},"end":{"line":93,"column":50}}},"5":{"name":"(anonymous_5)","line":98,"loc":{"start":{"line":98,"column":27},"end":{"line":98,"column":40}}}},"statementMap":{"1":{"start":{"line":6,"column":0},"end":{"line":9,"column":54}},"2":{"start":{"line":37,"column":0},"end":{"line":39,"column":1}},"3":{"start":{"line":38,"column":4},"end":{"line":38,"column":28}},"4":{"start":{"line":41,"column":0},"end":{"line":41,"column":36}},"5":{"start":{"line":44,"column":0},"end":{"line":44,"column":33}},"6":{"start":{"line":68,"column":0},"end":{"line":96,"column":2}},"7":{"start":{"line":75,"column":8},"end":{"line":75,"column":55}},"8":{"start":{"line":85,"column":8},"end":{"line":85,"column":20}},"9":{"start":{"line":94,"column":8},"end":{"line":94,"column":59}},"10":{"start":{"line":98,"column":0},"end":{"line":100,"column":3}},"11":{"start":{"line":99,"column":4},"end":{"line":99,"column":35}},"12":{"start":{"line":102,"column":0},"end":{"line":102,"column":24}}},"branchMap":{},"code":["/*"," Copyright (c) 2012, Yahoo! Inc.  All rights reserved."," Copyrights licensed under the New BSD License. See the accompanying LICENSE file for terms."," */","","var util = require('util'),","    EventEmitter = require('events').EventEmitter,","    Factory = require('../util/factory'),","    factory = new Factory('report', __dirname, false);","/**"," * An abstraction for producing coverage reports."," * This class is both the base class as well as a factory for `Report` implementations."," * All reports are event emitters and are expected to emit a `done` event when"," * the report writing is complete."," *"," * See also the `Reporter` class for easily producing multiple coverage reports"," * with a single call."," *"," * Usage"," * -----"," *"," *      var Report = require('istanbul').Report,"," *          report = Report.create('html'),"," *          collector = new require('istanbul').Collector;"," *"," *      collector.add(coverageObject);"," *      report.on('done', function () { console.log('done'); });"," *      report.writeReport(collector);"," *"," * @class Report"," * @module report"," * @main report"," * @constructor"," * @protected"," * @param {Object} options Optional. The options supported by a specific store implementation."," */","function Report(/* options */) {","    EventEmitter.call(this);","}","","util.inherits(Report, EventEmitter);","","//add register, create, mix, loadAll, getReportList as class methods","factory.bindClassMethods(Report);","","/**"," * registers a new report implementation."," * @method register"," * @static"," * @param {Function} constructor the constructor function for the report. This function must have a"," *  `TYPE` property of type String, that will be used in `Report.create()`"," */","/**"," * returns a report implementation of the specified type."," * @method create"," * @static"," * @param {String} type the type of report to create"," * @param {Object} opts Optional. Options specific to the report implementation"," * @return {Report} a new store of the specified type"," */","/**"," * returns the list of available reports as an array of strings"," * @method getReportList"," * @static"," * @return an array of supported report formats"," */","","var proto = {","    /**","     * returns a one-line summary of the report","     * @method synopsis","     * @return {String} a description of what the report is about","     */","    synopsis: function () {","        throw new Error('synopsis must be overridden');","    },","    /**","     * returns a config object that has override-able keys settable via config","     * @method getDefaultConfig","     * @return {Object|null} an object representing keys that can be overridden via","     *  the istanbul configuration where the values are the defaults used when","     *  not specified. A null return implies no config attributes","     */","    getDefaultConfig: function () {","        return null;","    },","    /**","     * writes the report for a set of coverage objects added to a collector.","     * @method writeReport","     * @param {Collector} collector the collector for getting the set of files and coverage","     * @param {Boolean} sync true if reports must be written synchronously, false if they can be written using asynchronous means (e.g. stream.write)","     */","    writeReport: function (/* collector, sync */) {","        throw new Error('writeReport: must be overridden');","    }","};","","Object.keys(proto).forEach(function (k) {","    Report.prototype[k] = proto[k];","});","","module.exports = Report;","","",""],"l":{"6":1,"37":1,"38":0,"41":1,"44":1,"68":1,"75":0,"85":0,"94":0,"98":1,"99":3,"102":1}},"/home/travis/build/npmtest/node-npmtest-istanbul/node_modules/istanbul/lib/util/meta.js":{"path":"/home/travis/build/npmtest/node-npmtest-istanbul/node_modules/istanbul/lib/util/meta.js","s":{"1":1,"2":1},"b":{},"f":{},"fnMap":{},"statementMap":{"1":{"start":{"line":5,"column":0},"end":{"line":7,"column":99}},"2":{"start":{"line":9,"column":0},"end":{"line":12,"column":2}}},"branchMap":{},"code":["/*"," Copyright (c) 2012, Yahoo! Inc.  All rights reserved."," Copyrights licensed under the New BSD License. See the accompanying LICENSE file for terms."," */","var path = require('path'),","    fs = require('fs'),","    pkg = JSON.parse(fs.readFileSync(path.resolve(__dirname, '..', '..', 'package.json'), 'utf8'));","","module.exports = {","    NAME: pkg.name,","    VERSION: pkg.version","};","",""],"l":{"5":1,"9":1}},"/home/travis/build/npmtest/node-npmtest-istanbul/node_modules/istanbul/lib/register-plugins.js":{"path":"/home/travis/build/npmtest/node-npmtest-istanbul/node_modules/istanbul/lib/register-plugins.js","s":{"1":1,"2":1,"3":1,"4":1},"b":{},"f":{},"fnMap":{},"statementMap":{"1":{"start":{"line":6,"column":0},"end":{"line":8,"column":35}},"2":{"start":{"line":10,"column":0},"end":{"line":10,"column":16}},"3":{"start":{"line":11,"column":0},"end":{"line":11,"column":17}},"4":{"start":{"line":12,"column":0},"end":{"line":12,"column":18}}},"branchMap":{},"code":["","/*"," Copyright (c) 2012, Yahoo! Inc.  All rights reserved."," Copyrights licensed under the New BSD License. See the accompanying LICENSE file for terms."," */","var Store = require('./store'),","    Report = require('./report'),","    Command = require('./command');","","Store.loadAll();","Report.loadAll();","Command.loadAll();","","","",""],"l":{"6":1,"10":1,"11":1,"12":1}},"/home/travis/build/npmtest/node-npmtest-istanbul/node_modules/istanbul/lib/command/index.js":{"path":"/home/travis/build/npmtest/node-npmtest-istanbul/node_modules/istanbul/lib/command/index.js","s":{"1":1,"2":1,"3":1,"4":1,"5":0,"6":0,"7":0,"8":0,"9":0,"10":1},"b":{},"f":{"1":0,"2":0,"3":0,"4":0,"5":0,"6":0},"fnMap":{"1":{"name":"Command","line":9,"loc":{"start":{"line":9,"column":0},"end":{"line":9,"column":19}}},"2":{"name":"(anonymous_2)","line":14,"loc":{"start":{"line":14,"column":14},"end":{"line":14,"column":26}}},"3":{"name":"(anonymous_3)","line":18,"loc":{"start":{"line":18,"column":10},"end":{"line":18,"column":22}}},"4":{"name":"(anonymous_4)","line":21,"loc":{"start":{"line":21,"column":54},"end":{"line":21,"column":66}},"skip":true},"5":{"name":"(anonymous_5)","line":24,"loc":{"start":{"line":24,"column":51},"end":{"line":24,"column":63}},"skip":true},"6":{"name":"(anonymous_6)","line":27,"loc":{"start":{"line":27,"column":53},"end":{"line":27,"column":79}},"skip":true}},"statementMap":{"1":{"start":{"line":6,"column":0},"end":{"line":7,"column":54}},"2":{"start":{"line":9,"column":0},"end":{"line":9,"column":21}},"3":{"start":{"line":11,"column":0},"end":{"line":11,"column":34}},"4":{"start":{"line":13,"column":0},"end":{"line":30,"column":2}},"5":{"start":{"line":15,"column":8},"end":{"line":15,"column":44}},"6":{"start":{"line":19,"column":8},"end":{"line":19,"column":37}},"7":{"start":{"line":22,"column":8},"end":{"line":22,"column":101},"skip":true},"8":{"start":{"line":25,"column":8},"end":{"line":25,"column":100},"skip":true},"9":{"start":{"line":28,"column":8},"end":{"line":28,"column":98},"skip":true},"10":{"start":{"line":32,"column":0},"end":{"line":32,"column":25}}},"branchMap":{},"code":["/*"," Copyright (c) 2012, Yahoo! Inc.  All right
[...]
,"42":1},"b":{"1":[0,0],"2":[0,0],"3":[0,0],"4":[0,0],"5":[0,0],"6":[0,0],"7":[0,0]},"f":{"1":0,"2":0,"3":0,"4":0,"5":0,"6":0,"7":0,"8":0,"9":0},"fnMap":{"1":{"name":"ReportCommand","line":20,"loc":{"start":{"line":20,"column":0},"end":{"line":20,"column":25}}},"2":{"name":"printDeprecationMessage","line":27,"loc":{"start":{"line":27,"column":0},"end":{"line":27,"column":43}}},"3":{"name":"(anonymous_3)","line":36,"loc":{"start":{"line":36,"column":14},"end":{"line":36,"column":26}}},"4":{"name":"(anonymous_4)","line":40,"loc":{"start":{"line":40,"column":11},"end":{"line":40,"column":23}}},"5":{"name":"(anonymous_5)","line":52,"loc":{"start":{"line":52,"column":39},"end":{"line":52,"column":55}}},"6":{"name":"(anonymous_6)","line":64,"loc":{"start":{"line":64,"column":9},"end":{"line":64,"column":35}}},"7":{"name":"(anonymous_7)","line":107,"loc":{"start":{"line":107,"column":11},"end":{"line":107,"column":33}}},"8":{"name":"(anonymous_8)","line":109,"loc":{"start":{"line":109,"column":26},"end":{"line":109,"column":42}}},"9":{"name":"(anonymous_9)","line":113,"loc":{"start":{"line":113,"column":45},"end":{"line":113,"column":60}}}},"statementMap":{"1":{"start":{"line":6,"column":0},"end":{"line":18,"column":41}},"2":{"start":{"line":20,"column":0},"end":{"line":22,"column":1}},"3":{"start":{"line":21,"column":4},"end":{"line":21,"column":23}},"4":{"start":{"line":24,"column":0},"end":{"line":24,"column":30}},"5":{"start":{"line":25,"column":0},"end":{"line":25,"column":38}},"6":{"start":{"line":27,"column":0},"end":{"line":33,"column":1}},"7":{"start":{"line":28,"column":4},"end":{"line":28,"column":92}},"8":{"start":{"line":29,"column":4},"end":{"line":29,"column":102}},"9":{"start":{"line":30,"column":4},"end":{"line":30,"column":104}},"10":{"start":{"line":31,"column":4},"end":{"line":31,"column":86}},"11":{"start":{"line":32,"column":4},"end":{"line":32,"column":92}},"12":{"start":{"line":35,"column":0},"end":{"line":119,"column":3}},"13":{"start":{"line":37,"column":8},"end":{"line":37,"column":85}},"14":{"start":{"line":41,"column":8},"end":{"line":48,"column":28}},"15":{"start":{"line":50,"column":8},"end":{"line":50,"column":28}},"16":{"start":{"line":51,"column":8},"end":{"line":51,"column":45}},"17":{"start":{"line":52,"column":8},"end":{"line":54,"column":11}},"18":{"start":{"line":53,"column":11},"end":{"line":53,"column":77}},"19":{"start":{"line":55,"column":8},"end":{"line":55,"column":26}},"20":{"start":{"line":56,"column":8},"end":{"line":60,"column":22}},"21":{"start":{"line":61,"column":8},"end":{"line":61,"column":28}},"22":{"start":{"line":66,"column":8},"end":{"line":84,"column":44}},"23":{"start":{"line":87,"column":8},"end":{"line":92,"column":9}},"24":{"start":{"line":89,"column":12},"end":{"line":89,"column":40}},"25":{"start":{"line":90,"column":12},"end":{"line":90,"column":37}},"26":{"start":{"line":91,"column":12},"end":{"line":91,"column":64}},"27":{"start":{"line":95,"column":8},"end":{"line":97,"column":9}},"28":{"start":{"line":96,"column":12},"end":{"line":96,"column":49}},"29":{"start":{"line":98,"column":8},"end":{"line":100,"column":9}},"30":{"start":{"line":99,"column":12},"end":{"line":99,"column":33}},"31":{"start":{"line":101,"column":8},"end":{"line":101,"column":33}},"32":{"start":{"line":103,"column":8},"end":{"line":103,"column":42}},"33":{"start":{"line":104,"column":8},"end":{"line":117,"column":11}},"34":{"start":{"line":108,"column":12},"end":{"line":108,"column":35}},"35":{"start":{"line":108,"column":23},"end":{"line":108,"column":33}},"36":{"start":{"line":109,"column":12},"end":{"line":112,"column":15}},"37":{"start":{"line":110,"column":16},"end":{"line":110,"column":80}},"38":{"start":{"line":111,"column":16},"end":{"line":111,"column":46}},"39":{"start":{"line":113,"column":12},"end":{"line":116,"column":15}},"40":{"start":{"line":114,"column":16},"end":{"line":114,"column":36}},"41":{"start":{"line":115,"column":16},"end":{"line":115,"column":37}},"42":{"start":{"line":121,"column":0},"end":{"line":121,"column":31}}},"branchMap":{"1":{"line":74,"type":"binary-expr","locations":[{"start":{"line":74,"column":29},"end":{"line":74,"column":41}},{"start":{"line":74,"column":45},"end":{"line":74,"column":64}}]},"2":{"line":87,"type":"if","locations":[{"start":{"line":87,"column":8},"end":{"line":87,"column":8}},{"start":{"line":87,"column":8},"end":{"line":87,"column":8}}]},"3":{"line":87,"type":"binary-expr","locations":[{"start":{"line":87,"column":12},"end":{"line":87,"column":32}},{"start":{"line":88,"column":16},"end":{"line":88,"column":62}}]},"4":{"line":95,"type":"if","locations":[{"start":{"line":95,"column":8},"end":{"line":95,"column":8}},{"start":{"line":95,"column":8},"end":{"line":95,"column":8}}]},"5":{"line":98,"type":"if","locations":[{"start":{"line":98,"column":8},"end":{"line":98,"column":8}},{"start":{"line":98,"column":8},"end":{"line":98,"column":8}}]},"6":{"line":103,"type":"binary-expr","locations":[{"start":{"line":103,"column":15},"end":{"line":103,"column":24}},{"start":{"line":103,"column":28},"end":{"line":103,"column":41}}]},"7":{"line":108,"type":"if","locations":[{"start":{"line":108,"column":12},"end":{"line":108,"column":12}},{"start":{"line":108,"column":12},"end":{"line":108,"column":12}}]}},"code":["/*"," Copyright (c) 2012, Yahoo! Inc.  All rights reserved."," Copyrights licensed under the New BSD License. See the accompanying LICENSE file for terms."," */","","var nopt = require('nopt'),","    Report = require('../report'),","    Reporter = require('../reporter'),","    path = require('path'),","    fs = require('fs'),","    Collector = require('../collector'),","    helpFormatter = require('../util/help-formatter'),","    formatOption = helpFormatter.formatOption,","    formatPara = helpFormatter.formatPara,","    filesFor = require('../util/file-matcher').filesFor,","    util = require('util'),","    Command = require('./index'),","    configuration = require('../config');","","function ReportCommand() {","    Command.call(this);","}","","ReportCommand.TYPE = 'report';","util.inherits(ReportCommand, Command);","","function printDeprecationMessage(pat, fmt) {","    console.error('**********************************************************************');","    console.error('DEPRECATION WARNING! You are probably using the old format of the report command');","    console.error('This will stop working soon, see `istanbul help report` for the new command format');","    console.error('Assuming you meant: istanbul report --include=' + pat + ' ' + fmt);","    console.error('**********************************************************************');","}","","Command.mix(ReportCommand, {","    synopsis: function () {","        return \"writes reports for coverage JSON objects produced in a previous run\";","    },","","    usage: function () {","        console.error('\\nUsage: ' + this.toolName() + ' ' + this.type() + ' <options> [ <format> ... ]\\n\\nOptions are:\\n\\n' +","            [","                formatOption('--config <path-to-config>', 'the configuration file to use, defaults to .istanbul.yml'),","                formatOption('--root <input-directory>', 'The input root directory for finding coverage files'),","                formatOption('--dir <report-directory>', 'The output directory where files will be written. This defaults to ./coverage/'),","                formatOption('--include <glob>', 'The glob pattern to select one or more coverage files, defaults to **/coverage*.json'),","                formatOption('--verbose, -v', 'verbose mode')","            ].join('\\n\\n'));","","        console.error('\\n');","        console.error('<format> is one of ');","        Report.getReportList().forEach(function (name) {","           console.error(formatOption(name, Report.create(name).synopsis()));","        });","        console.error(\"\");","        console.error(formatPara([","            'Default format is lcov unless otherwise specified in the config file.',","            'In addition you can tweak the file names for various reports using the config file.',","            'Type `istanbul help config` to see what can be tweaked.'","        ].join(' ')));","        console.error('\\n');","    },","","    run: function (args, callback) {","","        var template = {","                config: path,","                root: path,","                dir: path,","                include: String,","                verbose: Boolean","            },","            opts = nopt(template, { v : '--verbose' }, args, 0),","            includePattern = opts.include || '**/coverage*.json',","            root,","            collector = new Collector(),","            config = configuration.loadFile(opts.config, {","                verbose: opts.verbose,","                reporting: {","                    dir: opts.dir","                }","            }),","            formats = opts.argv.remain,","            reporter = new Reporter(config);","","        // Start: backward compatible processing","        if (formats.length === 2 &&","                Report.getReportList().indexOf(formats[1]) < 0) {","            includePattern = formats[1];","            formats = [ formats[0] ];","            printDeprecationMessage(includePattern, formats[0]);","        }","        // End: backward compatible processing","","        if (formats.length === 0) {","            formats = config.reporting.reports();","        }","        if (formats.length === 0) {","            formats = [ 'lcov' ];","        }","        reporter.addAll(formats);","","        root = opts.root || process.cwd();","        filesFor({","            root: root,","            includes: [ includePattern ]","        }, function (err, files) {","            if (err) { throw err; }","            files.forEach(function (file) {","                var coverageObject =  JSON.parse(fs.readFileSync(file, 'utf8'));","                collector.add(coverageObject);","            });","            reporter.write(collector, false, function (err) {","                console.log('Done');","                return callback(err);","            });","        });","    }","});","","module.exports = ReportCommand;","","",""],"l":{"6":1,"20":1,"21":0,"24":1,"25":1,"27":1,"28":0,"29":0,"30":0,"31":0,"32":0,"35":1,"37":0,"41":0,"50":0,"51":0,"52":0,"53":0,"55":0,"56":0,"61":0,"66":0,"87":0,"89":0,"90":0,"91":0,"95":0,"96":0,"98":0,"99":0,"101":0,"103":0,"104":0,"108":0,"109":0,"110":0,"111":0,"113":0,"114":0,"115":0,"121":1}},"/home/travis/build/npmtest/node-npmtest-istanbul/node_modules/istanbul/lib/command/test.js":{"path":"/home/travis/build/npmtest/node-npmtest-istanbul/node_modules/istanbul/lib/command/test.js","s":{"1":1,"2":1,"3":0,"4":1,"5":1,"6":1,"7":0,"8":0,"9":0,"10":1},"b":{},"f":{"1":0,"2":0,"3":0,"4":0},"fnMap":{"1":{"name":"TestCommand","line":10,"loc":{"start":{"line":10,"column":0},"end":{"line":10,"column":23}}},"2":{"name":"(anonymous_2)","line":18,"loc":{"start":{"line":18,"column":14},"end":{"line":18,"column":26}}},"3":{"name":"(anonymous_3)","line":22,"loc":{"start":{"line":22,"column":11},"end":{"line":22,"column":23}}},"4":{"name":"(anonymous_4)","line":26,"loc":{"start":{"line":26,"column":9},"end":{"line":26,"column":35}}}},"statementMap":{"1":{"start":{"line":6,"column":0},"end":{"line":8,"column":33}},"2":{"start":{"line":10,"column":0},"end":{"line":12,"column":1}},"3":{"start":{"line":11,"column":4},"end":{"line":11,"column":23}},"4":{"start":{"line":14,"column":0},"end":{"line":14,"column":26}},"5":{"start":{"line":15,"column":0},"end":{"line":15,"column":36}},"6":{"start":{"line":17,"column":0},"end":{"line":29,"column":3}},"7":{"start":{"line":19,"column":8},"end":{"line":19,"column":129}},"8":{"start":{"line":23,"column":8},"end":{"line":23,"column":57}},"9":{"start":{"line":27,"column":8},"end":{"line":27,"column":89}},"10":{"start":{"line":31,"column":0},"end":{"line":31,"column":29}}},"branchMap":{},"code":["/*"," Copyright (c) 2012, Yahoo! Inc.  All rights reserved."," Copyrights licensed under the New BSD License. See the accompanying LICENSE file for terms."," */","","var runWithCover = require('./common/run-with-cover'),","    util = require('util'),","    Command = require('./index');","","function TestCommand() {","    Command.call(this);","}","","TestCommand.TYPE = 'test';","util.inherits(TestCommand, Command);","","Command.mix(TestCommand, {","    synopsis: function () {","        return \"cover a node command only when npm_config_coverage is set. Use in an `npm test` script for conditional coverage\";","    },","","    usage: function () {","        runWithCover.usage(this.toolName(), this.type());","    },","","    run: function (args, callback) {","        runWithCover.run(args, this.type(), !!process.env.npm_config_coverage, callback);","    }","});","","module.exports = TestCommand;",""],"l":{"6":1,"10":1,"11":0,"14":1,"15":1,"17":1,"19":0,"23":0,"27":0,"31":1}},"/home/travis/build/npmtest/node-npmtest-istanbul/node_modules/istanbul/lib/util/yui-load-hook.js":{"path":"/home/travis/build/npmtest/node-npmtest-istanbul/node_modules/istanbul/lib/util/yui-load-hook.js","s":{"1":1,"2":1,"3":0,"4":0,"5":0,"6":0,"7":0,"8":0,"9":0,"10":0,"11":0,"12":0,"13":0,"14":0,"15":0,"16":0,"17":0,"18":0,"19":0,"20":0,"21":0,"22":0,"23":0,"24":0,"25":0,"26":0,"27":0,"28":0},"b":{"1":[0,0],"2":[0,0],"3":[0,0],"4":[0,0,0],"5":[0,0],"6":[0,0],"7":[0,0],"8":[0,0],"9":[0,0],"10":[0,0],"11":[0,0]},"f":{"1":0,"2":0,"3":0,"4":0},"fnMap":{"1":{"name":"(anonymous_1)","line":11,"loc":{"start":{"line":11,"column":17},"end":{"line":11,"column":58}}},"2":{"name":"(anonymous_2)","line":12,"loc":{"start":{"line":12,"column":11},"end":{"line":12,"column":27}}},"3":{"name":"(anonymous_3)","line":26,"loc":{"start":{"line":26,"column":45},"end":{"line":26,"column":58}}},"4":{"name":"(anonymous_4)","line":29,"loc":{"start":{"line":29,"column":30},"end":{"line":29,"column":55}}}},"statementMap":{"1":{"start":{"line":8,"column":0},"end":{"line":9,"column":34}},"2":{"start":{"line":11,"column":0},"end":{"line":48,"column":2}},"3":{"start":{"line":12,"column":4},"end":{"line":47,"column":6}},"4":{"start":{"line":13,"column":8},"end":{"line":15,"column":9}},"5":{"start":{"line":14,"column":12},"end":{"line":14,"column":19}},"6":{"start":{"line":16,"column":8},"end":{"line":19,"column":20}},"7":{"start":{"line":21,"column":8},"end":{"line":46,"column":9}},"8":{"start":{"line":22,"column":12},"end":{"line":22,"column":28}},"9":{"start":{"line":23,"column":12},"end":{"line":23,"column":118}},"10":{"start":{"line":24,"column":12},"end":{"line":24,"column":38}},"11":{"start":{"line":24,"column":29},"end":{"line":24,"column":36}},"12":{"start":{"line":25,"column":12},"end":{"line":25,"column":72}},"13":{"start":{"line":25,"column":27},"end":{"line":25,"column":70}},"14":{"start":{"line":26,"column":12},"end":{"line":45,"column":14}},"15":{"start":{"line":27,"column":16},"end":{"line":27,"column":39}},"16":{"start":{"line":28,"column":16},"end":{"line":28,"column":38}},"17":{"start":{"line":29,"column":16},"end":{"line":43,"column":18}},"18":{"start":{"line":30,"column":20},"end":{"line":41,"column":21}},"19":{"start":{"line":31,"column":24},"end":{"line":33,"column":25}},"20":{"start":{"line":32,"column":28},"end":{"line":32,"column":70}},"21":{"start":{"line":34,"column":24},"end":{"line":40,"column":25}},"22":{"start":{"line":35,"column":28},"end":{"line":35,"column":58}},"23":{"start":{"line":37,"column":28},"end":{"line":37,"column":98}},"24":{"start":{"line":38,"column":28},"end":{"line":38,"column":60}},"25":{"start":{"line":39,"column":28},"end":{"line":39,"column":70}},"26":{"start":{"line":39,"column":44},"end":{"line":39,"column":68}},"27":{"start":{"line":42,"column":20},"end":{"line":42,"column":58}},"28":{"start":{"line":44,"column":16},"end":{"line":44,"column":25}}},"branchMap":{"1":{"line":13,"type":"if","locations":[{"start":{"line":13,"column":8},"end":{"line":13,"column":8}},{"start":{"line":13,"column":8},"end":{"line":13,"column":8}}]},"2":{"line":21,"type":"if","locations":[{"start":{"line":21,"column":8},"end":{"line":21,"column":8}},{"start":{"line":21,"column":8},"end":{"line":21,"column":8}}]},"3":{"line":23,"type":"cond-expr","locations":[{"start":{"line":23,"column":80},"end":{"line":23,"column":110}},{"start":{"line":23,"column":113},"end":{"line":23,"column":117}}]},"4":{"line":23,"type":"binary-expr","locations":[{"start":{"line":23,"column":23},"end":{"line":23,"column":30}},{"start":{"line":23,"column":34},"end":{"line":23,"column":46}},{"start":{"line":23,"column":50},"end":{"line":23,"column":77}}]},"5":{"line":24,"type":"if","locations":[{"start":{"line":24,"column":12},"end":{"line":24,"column":12}},{"start":{"line":24,"column":12},"end":{"line":24,"column":12}}]},"6":{"line":25,"type":"if","locations":[{"start":{"line":25,"column":12},"end":{"line":25,"column":12}},{"start":{"line":25,"column":12},"end":{"line":25,"column":12}}]},"7":{"line":30,"type":"if","locations":[{"start":{"line":30,"column":20},"end":{"line":30,"column":20}},{"start":{"line":30,"column":20},"end":{"line":30,"column":20}}]},"8":{"line":30,"type":"binary-expr","locations":[{"start":{"line":30,"column":24},"end":{"line":30,"column":36}},{"start":{"line":30,"column":40},"end":{"line":30,"column":66}}]},"9":{"line":31,"type":"if","locations":[{"start":{"line":31,"column":24},"end":{"line":31,"column":24}},{"start":{"line":31,"column":24},"end":{"line":31,"column":24}}]},"10":{"line":38,"type":"binary-expr","locations":[{"start":{"line":38,"column":42},"end":{"line":38,"column":52}},{"start":{"line":38,"column":56},"end":{"line":38,"column":58}}]},"11":{"line":39,"type":"if","locations":[{"start":{"line":39,"column":28},"end":{"line":39,"column":28}},{"start":{"line":39,"column":28},"end":{"line":39,"column":28}}]}},"code":["/*"," Copyright (c) 2012, Yahoo! Inc.  All rights reserved."," Copyrights licensed under the New BSD License. See the accompanying LICENSE file for terms."," */","","//EXPERIMENTAL code: do not rely on this in anyway until the docs say it is allowed","","var path = require('path'),","    yuiRegexp = /yui-nodejs\\.js$/;","","module.exports = function (matchFn, transformFn, verbose) {","    return function (file) {","        if (!file.match(yuiRegexp)) {","            return;","        }","        var YMain = require(file),","            YUI,","            loaderFn,","            origGet;","","        if (YMain.YUI) {","            YUI = YMain.YUI;","            loaderFn = YUI.Env && YUI.Env.mods && YUI.Env.mods['loader-base'] ? YUI.Env.mods['loader-base'].fn : null;","            if (!loaderFn) { return; }","            if (verbose) { console.log('Applying YUI load post-hook'); }","            YUI.Env.mods['loader-base'].fn = function (Y) {","                loaderFn.call(null, Y);","                origGet = Y.Get._exec;","                Y.Get._exec = function (data, url, cb) {","                    if (matchFn(url) || matchFn(path.resolve(url))) { //allow for relative paths as well","                        if (verbose) {","                            console.log('Transforming [' + url + ']');","                        }","                        try {","                            data = transformFn(data, url);","                        } catch (ex) {","                            console.error('Error transforming: ' + url + ' return original code');","                            console.error(ex.message || ex);","                            if (ex.stack) { console.error(ex.stack); }","                        }","                    }","                    return origGet.call(Y, data, url, cb);","                };","                return Y;","            };","        }","    };","};","",""],"l":{"8":1,"11":1,"12":0,"13":0,"14":0,"16":0,"21":0,"22":0,"23":0,"24":0,"25":0,"26":0,"27":0,"28":0,"29":0,"30":0,"31":0,"32":0,"34":0,"35":0,"37":0,"38":0,"39":0,"42":0,"44":0}}}